<?xml version="1.0" encoding="UTF-8"?>
<coverage generated="1790269602300" clover="3.2.0">
  <project timestamp="1790269602300" name="All files">
    <metrics statements="320" coveredstatements="316" conditionals="160" coveredconditionals="151" methods="109" coveredmethods="105" elements="589" coveredelements="572" complexity="0" loc="320" ncloc="320" packages="5" files="26" classes="26"/>
    <package name="errors">
      <metrics statements="12" coveredstatements="12" conditionals="10" coveredconditionals="10" methods="4" coveredmethods="4"/>
      <file name="AppError.ts" path="/Users/josue/Gupp-Tank/gupp-website/src/errors/AppError.ts">
        <metrics statements="8" coveredstatements="8" conditionals="8" coveredconditionals="8" methods="2" coveredmethods="2"/>
        <line num="10" count="31" type="cond" truecount="2" falsecount="0"/>
        <line num="11" count="31" type="stmt"/>
        <line num="12" count="31" type="stmt"/>
        <line num="18" count="18" type="cond" truecount="2" falsecount="0"/>
        <line num="19" count="12" type="cond" truecount="2" falsecount="0"/>
        <line num="20" count="7" type="cond" truecount="2" falsecount="0"/>
        <line num="21" count="1" type="stmt"/>
        <line num="23" count="6" type="stmt"/>
      </file>
      <file name="errorCodes.ts" path="/Users/josue/Gupp-Tank/gupp-website/src/errors/errorCodes.ts">
        <metrics statements="3" coveredstatements="3" conditionals="2" coveredconditionals="2" methods="1" coveredmethods="1"/>
        <line num="8" count="5" type="stmt"/>
        <line num="24" count="5" type="stmt"/>
        <line num="25" count="15" type="cond" truecount="2" falsecount="0"/>
      </file>
      <file name="getErrorMessage.ts" path="/Users/josue/Gupp-Tank/gupp-website/src/errors/getErrorMessage.ts">
        <metrics statements="1" coveredstatements="1" conditionals="0" coveredconditionals="0" methods="1" coveredmethods="1"/>
        <line num="5" count="6" type="stmt"/>
      </file>
    </package>
    <package name="hooks">
      <metrics statements="186" coveredstatements="183" conditionals="71" coveredconditionals="63" methods="67" coveredmethods="63"/>
      <file name="useActiveSection.ts" path="/Users/josue/Gupp-Tank/gupp-website/src/hooks/useActiveSection.ts">
        <metrics statements="17" coveredstatements="17" conditionals="10" coveredconditionals="10" methods="8" coveredmethods="8"/>
        <line num="6" count="42" type="stmt"/>
        <line num="7" count="42" type="stmt"/>
        <line num="10" count="42" type="stmt"/>
        <line num="12" count="42" type="stmt"/>
        <line num="13" count="24" type="stmt"/>
        <line num="16" count="24" type="stmt"/>
        <line num="17" count="24" type="stmt"/>
        <line num="19" count="24" type="cond" truecount="4" falsecount="0"/>
        <line num="21" count="1" type="stmt"/>
        <line num="22" count="1" type="stmt"/>
        <line num="24" count="2" type="stmt"/>
        <line num="25" count="2" type="cond" truecount="2" falsecount="0"/>
        <line num="26" count="1" type="stmt"/>
        <line num="29" count="2" type="cond" truecount="2" falsecount="0"/>
        <line num="33" count="1" type="stmt"/>
        <line num="34" count="1" type="stmt"/>
        <line num="37" count="42" type="cond" truecount="2" falsecount="0"/>
      </file>
      <file name="useCountUp.ts" path="/Users/josue/Gupp-Tank/gupp-website/src/hooks/useCountUp.ts">
        <metrics statements="15" coveredstatements="15" conditionals="8" coveredconditionals="8" methods="5" coveredmethods="5"/>
        <line num="4" count="94" type="stmt"/>
        <line num="7" count="36" type="stmt"/>
        <line num="8" count="36" type="stmt"/>
        <line num="10" count="36" type="stmt"/>
        <line num="11" count="19" type="cond" truecount="2" falsecount="0"/>
        <line num="13" count="18" type="stmt"/>
        <line num="14" count="18" type="stmt"/>
        <line num="16" count="18" type="stmt"/>
        <line num="17" count="94" type="stmt"/>
        <line num="18" count="94" type="stmt"/>
        <line num="19" count="94" type="stmt"/>
        <line num="20" count="94" type="cond" truecount="2" falsecount="0"/>
        <line num="23" count="18" type="stmt"/>
        <line num="24" count="18" type="stmt"/>
        <line num="27" count="36" type="cond" truecount="2" falsecount="0"/>
      </file>
      <file name="useFocusTrap.ts" path="/Users/josue/Gupp-Tank/gupp-website/src/hooks/useFocusTrap.ts">
        <metrics statements="21" coveredstatements="19" conditionals="18" coveredconditionals="16" methods="5" coveredmethods="5"/>
        <line num="3" count="3" type="stmt"/>
        <line num="8" count="56" type="stmt"/>
        <line num="9" count="28" type="cond" truecount="2" falsecount="0"/>
        <line num="11" count="5" type="stmt"/>
        <line num="12" count="37" type="cond" truecount="4" falsecount="0"/>
        <line num="13" count="240" type="stmt"/>
        <line num="14" count="24" type="cond" truecount="1" falsecount="1"/>
        <line num="16" count="24" type="stmt"/>
        <line num="17" count="24" type="stmt"/>
        <line num="18" count="24" type="stmt"/>
        <line num="20" count="24" type="cond" truecount="1" falsecount="1"/>
        <line num="21" count="0" type="stmt"/>
        <line num="22" count="0" type="stmt"/>
        <line num="23" count="24" type="cond" truecount="4" falsecount="0"/>
        <line num="24" count="1" type="stmt"/>
        <line num="25" count="1" type="stmt"/>
        <line num="26" count="23" type="cond" truecount="4" falsecount="0"/>
        <line num="27" count="1" type="stmt"/>
        <line num="28" count="1" type="stmt"/>
        <line num="32" count="5" type="stmt"/>
        <line num="33" count="5" type="stmt"/>
      </file>
      <file name="useFormat.ts" path="/Users/josue/Gupp-Tank/gupp-website/src/hooks/useFormat.ts">
        <metrics statements="7" coveredstatements="7" conditionals="0" coveredconditionals="0" methods="6" coveredmethods="6"/>
        <line num="7" count="3" type="stmt"/>
        <line num="8" count="3" type="stmt"/>
        <line num="9" count="3" type="stmt"/>
        <line num="10" count="2" type="stmt"/>
        <line num="11" count="1" type="stmt"/>
        <line num="12" count="2" type="stmt"/>
        <line num="13" count="1" type="stmt"/>
      </file>
      <file name="useI18n.ts" path="/Users/josue/Gupp-Tank/gupp-website/src/hooks/useI18n.ts">
        <metrics statements="2" coveredstatements="2" conditionals="0" coveredconditionals="0" methods="1" coveredmethods="1"/>
        <line num="7" count="142" type="stmt"/>
        <line num="8" count="142" type="stmt"/>
      </file>
      <file name="useLocalePath.ts" path="/Users/josue/Gupp-Tank/gupp-website/src/hooks/useLocalePath.ts">
        <metrics statements="2" coveredstatements="2" conditionals="1" coveredconditionals="1" methods="2" coveredmethods="2"/>
        <line num="7" count="57" type="stmt"/>
        <line num="8" count="99" type="cond" truecount="1" falsecount="0"/>
      </file>
      <file name="useMobileMenu.ts" path="/Users/josue/Gupp-Tank/gupp-website/src/hooks/useMobileMenu.ts">
        <metrics statements="25" coveredstatements="25" conditionals="9" coveredconditionals="7" methods="8" coveredmethods="7"/>
        <line num="4" count="3" type="stmt"/>
        <line num="10" count="42" type="stmt"/>
        <line num="11" count="42" type="stmt"/>
        <line num="12" count="42" type="stmt"/>
        <line num="13" count="42" type="stmt"/>
        <line num="15" count="42" type="cond" truecount="1" falsecount="0"/>
        <line num="16" count="2" type="stmt"/>
        <line num="17" count="2" type="cond" truecount="2" falsecount="0"/>
        <line num="19" count="42" type="stmt"/>
        <line num="21" count="42" type="stmt"/>
        <line num="22" count="28" type="cond" truecount="2" falsecount="0"/>
        <line num="23" count="5" type="stmt"/>
        <line num="25" count="28" type="stmt"/>
        <line num="26" count="37" type="cond" truecount="2" falsecount="0"/>
        <line num="28" count="28" type="stmt"/>
        <line num="30" count="28" type="stmt"/>
        <line num="31" count="28" type="stmt"/>
        <line num="33" count="28" type="stmt"/>
        <line num="34" count="28" type="cond" truecount="0" falsecount="2"/>
        <line num="35" count="28" type="stmt"/>
        <line num="37" count="28" type="stmt"/>
        <line num="38" count="5" type="stmt"/>
        <line num="39" count="5" type="stmt"/>
        <line num="40" count="5" type="stmt"/>
        <line num="44" count="42" type="stmt"/>
      </file>
      <file name="usePreference.ts" path="/Users/josue/Gupp-Tank/gupp-website/src/hooks/usePreference.ts">
        <metrics statements="1" coveredstatements="1" conditionals="0" coveredconditionals="0" methods="1" coveredmethods="1"/>
        <line num="7" count="295" type="stmt"/>
      </file>
      <file name="usePrefersReducedMotion.ts" path="/Users/josue/Gupp-Tank/gupp-website/src/hooks/usePrefersReducedMotion.ts">
        <metrics statements="7" coveredstatements="6" conditionals="0" coveredconditionals="0" methods="5" coveredmethods="4"/>
        <line num="3" count="5" type="stmt"/>
        <line num="6" count="34" type="stmt"/>
        <line num="7" count="34" type="stmt"/>
        <line num="8" count="34" type="stmt"/>
        <line num="12" count="53" type="stmt"/>
        <line num="14" count="163" type="stmt"/>
        <line num="15" count="0" type="stmt"/>
      </file>
      <file name="useScrolled.ts" path="/Users/josue/Gupp-Tank/gupp-website/src/hooks/useScrolled.ts">
        <metrics statements="7" coveredstatements="7" conditionals="1" coveredconditionals="1" methods="4" coveredmethods="4"/>
        <line num="4" count="62" type="stmt"/>
        <line num="6" count="62" type="stmt"/>
        <line num="7" count="26" type="stmt"/>
        <line num="8" count="23" type="stmt"/>
        <line num="9" count="23" type="stmt"/>
        <line num="10" count="23" type="stmt"/>
        <line num="13" count="62" type="stmt"/>
      </file>
      <file name="useSeo.ts" path="/Users/josue/Gupp-Tank/gupp-website/src/hooks/useSeo.ts">
        <metrics statements="18" coveredstatements="18" conditionals="0" coveredconditionals="0" methods="3" coveredmethods="3"/>
        <line num="4" count="4" type="stmt"/>
        <line num="10" count="38" type="stmt"/>
        <line num="12" count="38" type="stmt"/>
        <line num="13" count="38" type="stmt"/>
        <line num="14" count="38" type="stmt"/>
        <line num="15" count="38" type="stmt"/>
        <line num="17" count="547" type="stmt"/>
        <line num="18" count="38" type="stmt"/>
        <line num="19" count="621" type="stmt"/>
        <line num="20" count="1356" type="stmt"/>
        <line num="21" count="621" type="stmt"/>
        <line num="22" count="621" type="stmt"/>
        <line num="24" count="38" type="stmt"/>
        <line num="25" count="50" type="stmt"/>
        <line num="26" count="50" type="stmt"/>
        <line num="27" count="50" type="stmt"/>
        <line num="28" count="50" type="stmt"/>
        <line num="29" count="50" type="stmt"/>
      </file>
      <file name="useSwitchLocale.ts" path="/Users/josue/Gupp-Tank/gupp-website/src/hooks/useSwitchLocale.ts">
        <metrics statements="5" coveredstatements="5" conditionals="0" coveredconditionals="0" methods="2" coveredmethods="2"/>
        <line num="10" count="42" type="stmt"/>
        <line num="11" count="42" type="stmt"/>
        <line num="13" count="42" type="stmt"/>
        <line num="15" count="2" type="stmt"/>
        <line num="16" count="2" type="stmt"/>
      </file>
      <file name="useTheme.ts" path="/Users/josue/Gupp-Tank/gupp-website/src/hooks/useTheme.ts">
        <metrics statements="3" coveredstatements="3" conditionals="2" coveredconditionals="2" methods="3" coveredmethods="2"/>
        <line num="6" count="153" type="stmt"/>
        <line num="7" count="153" type="cond" truecount="2" falsecount="0"/>
        <line num="8" count="153" type="stmt"/>
      </file>
      <file name="useWaterCaustics.ts" path="/Users/josue/Gupp-Tank/gupp-website/src/hooks/useWaterCaustics.ts">
        <metrics statements="56" coveredstatements="56" conditionals="22" coveredconditionals="18" methods="14" coveredmethods="13"/>
        <line num="10" count="2" type="stmt"/>
        <line num="11" count="2" type="stmt"/>
        <line num="12" count="2" type="stmt"/>
        <line num="15" count="5" type="stmt"/>
        <line num="16" count="5" type="stmt"/>
        <line num="23" count="7" type="stmt"/>
        <line num="24" count="7" type="cond" truecount="2" falsecount="0"/>
        <line num="26" count="5" type="stmt"/>
        <line num="27" count="5" type="stmt"/>
        <line num="28" count="5" type="stmt"/>
        <line num="29" count="5" type="stmt"/>
        <line num="31" count="31" type="cond" truecount="2" falsecount="0"/>
        <line num="33" count="5" type="stmt"/>
        <line num="34" count="74" type="stmt"/>
        <line num="35" count="74" type="cond" truecount="2" falsecount="0"/>
        <line num="36" count="26" type="stmt"/>
        <line num="37" count="26" type="stmt"/>
        <line num="40" count="5" type="stmt"/>
        <line num="41" count="6" type="cond" truecount="6" falsecount="0"/>
        <line num="42" count="5" type="stmt"/>
        <line num="45" count="5" type="stmt"/>
        <line num="46" count="6" type="stmt"/>
        <line num="47" count="6" type="stmt"/>
        <line num="50" count="5" type="stmt"/>
        <line num="52" count="5" type="stmt"/>
        <line num="53" count="5" type="stmt"/>
        <line num="54" count="5" type="stmt"/>
        <line num="55" count="5" type="stmt"/>
        <line num="58" count="5" type="stmt"/>
        <line num="59" count="5" type="stmt"/>
        <line num="61" count="5" type="stmt"/>
        <line num="62" count="5" type="stmt"/>
        <line num="64" count="5" type="stmt"/>
        <line num="65" count="2" type="stmt"/>
        <line num="66" count="2" type="cond" truecount="2" falsecount="0"/>
        <line num="67" count="1" type="stmt"/>
        <line num="69" count="5" type="stmt"/>
        <line num="71" count="5" type="cond" truecount="0" falsecount="2"/>
        <line num="72" count="5" type="stmt"/>
        <line num="74" count="5" type="stmt"/>
        <line num="75" count="5" type="stmt"/>
        <line num="76" count="5" type="stmt"/>
        <line num="77" count="5" type="stmt"/>
        <line num="78" count="5" type="stmt"/>
        <line num="79" count="5" type="stmt"/>
        <line num="84" count="15" type="stmt"/>
        <line num="85" count="15" type="stmt"/>
        <line num="87" count="15" type="stmt"/>
        <line num="88" count="14" type="stmt"/>
        <line num="89" count="14" type="cond" truecount="1" falsecount="1"/>
        <line num="90" count="14" type="cond" truecount="2" falsecount="0"/>
        <line num="94" count="12" type="stmt"/>
        <line num="95" count="7" type="stmt"/>
        <line num="97" count="12" type="stmt"/>
        <line num="98" count="12" type="stmt"/>
        <line num="99" count="12" type="stmt"/>
      </file>
    </package>
    <package name="lib">
      <metrics statements="49" coveredstatements="48" conditionals="31" coveredconditionals="31" methods="27" coveredmethods="27"/>
      <file name="classNames.ts" path="/Users/josue/Gupp-Tank/gupp-website/src/lib/classNames.ts">
        <metrics statements="1" coveredstatements="1" conditionals="0" coveredconditionals="0" methods="1" coveredmethods="1"/>
        <line num="2" count="787" type="stmt"/>
      </file>
      <file name="color.ts" path="/Users/josue/Gupp-Tank/gupp-website/src/lib/color.ts">
        <metrics statements="3" coveredstatements="3" conditionals="2" coveredconditionals="2" methods="2" coveredmethods="2"/>
        <line num="3" count="14" type="stmt"/>
        <line num="4" count="14" type="cond" truecount="2" falsecount="0"/>
        <line num="5" count="27" type="stmt"/>
      </file>
      <file name="lowPower.ts" path="/Users/josue/Gupp-Tank/gupp-website/src/lib/lowPower.ts">
        <metrics statements="17" coveredstatements="16" conditionals="22" coveredconditionals="22" methods="6" coveredmethods="6"/>
        <line num="11" count="23" type="cond" truecount="2" falsecount="0"/>
        <line num="12" count="21" type="cond" truecount="2" falsecount="0"/>
        <line num="14" count="19" type="cond" truecount="4" falsecount="0"/>
        <line num="15" count="17" type="cond" truecount="4" falsecount="0"/>
        <line num="16" count="16" type="stmt"/>
        <line num="29" count="15" type="cond" truecount="2" falsecount="0"/>
        <line num="30" count="13" type="stmt"/>
        <line num="31" count="13" type="cond" truecount="2" falsecount="0"/>
        <line num="32" count="7" type="stmt"/>
        <line num="36" count="7" type="stmt"/>
        <line num="37" count="7" type="stmt"/>
        <line num="39" count="0" type="stmt"/>
        <line num="46" count="15" type="cond" truecount="2" falsecount="0"/>
        <line num="47" count="1" type="stmt"/>
        <line num="48" count="1" type="stmt"/>
        <line num="50" count="14" type="stmt"/>
        <line num="51" count="14" type="stmt"/>
      </file>
      <file name="preferenceStore.ts" path="/Users/josue/Gupp-Tank/gupp-website/src/lib/preferenceStore.ts">
        <metrics statements="8" coveredstatements="8" conditionals="0" coveredconditionals="0" methods="5" coveredmethods="5"/>
        <line num="20" count="18" type="stmt"/>
        <line num="22" count="18" type="stmt"/>
        <line num="25" count="24" type="stmt"/>
        <line num="26" count="24" type="stmt"/>
        <line num="27" count="24" type="stmt"/>
        <line num="31" count="24" type="stmt"/>
        <line num="34" count="171" type="stmt"/>
        <line num="35" count="171" type="stmt"/>
      </file>
      <file name="seo.ts" path="/Users/josue/Gupp-Tank/gupp-website/src/lib/seo.ts">
        <metrics statements="17" coveredstatements="17" conditionals="5" coveredconditionals="5" methods="11" coveredmethods="11"/>
        <line num="27" count="252" type="stmt"/>
        <line num="28" count="530" type="stmt"/>
        <line num="33" count="43" type="stmt"/>
        <line num="34" count="43" type="stmt"/>
        <line num="35" count="86" type="stmt"/>
        <line num="37" count="43" type="stmt"/>
        <line num="39" count="86" type="stmt"/>
        <line num="48" count="43" type="stmt"/>
        <line num="54" count="43" type="cond" truecount="2" falsecount="0"/>
        <line num="58" count="43" type="cond" truecount="2" falsecount="0"/>
        <line num="65" count="43" type="stmt"/>
        <line num="70" count="1" type="stmt"/>
        <line num="71" count="1" type="stmt"/>
        <line num="72" count="4" type="stmt"/>
        <line num="73" count="2" type="stmt"/>
        <line num="76" count="1" type="stmt"/>
        <line num="79" count="5" type="stmt"/>
      </file>
      <file name="theme.ts" path="/Users/josue/Gupp-Tank/gupp-website/src/lib/theme.ts">
        <metrics statements="3" coveredstatements="3" conditionals="2" coveredconditionals="2" methods="2" coveredmethods="2"/>
        <line num="6" count="6" type="stmt"/>
        <line num="8" count="410" type="cond" truecount="2" falsecount="0"/>
        <line num="10" count="5" type="stmt"/>
      </file>
    </package>
    <package name="lib.caustics">
      <metrics statements="41" coveredstatements="41" conditionals="15" coveredconditionals="15" methods="6" coveredmethods="6"/>
      <file name="createCausticsRenderer.ts" path="/Users/josue/Gupp-Tank/gupp-website/src/lib/caustics/createCausticsRenderer.ts">
        <metrics statements="41" coveredstatements="41" conditionals="15" coveredconditionals="15" methods="6" coveredmethods="6"/>
        <line num="17" count="10" type="stmt"/>
        <line num="18" count="10" type="cond" truecount="2" falsecount="0"/>
        <line num="19" count="8" type="stmt"/>
        <line num="20" count="8" type="stmt"/>
        <line num="21" count="8" type="cond" truecount="2" falsecount="0"/>
        <line num="22" count="2" type="stmt"/>
        <line num="23" count="2" type="stmt"/>
        <line num="28" count="8" type="stmt"/>
        <line num="29" count="8" type="cond" truecount="4" falsecount="0"/>
        <line num="31" count="5" type="stmt"/>
        <line num="32" count="5" type="stmt"/>
        <line num="33" count="5" type="stmt"/>
        <line num="34" count="5" type="cond" truecount="5" falsecount="0"/>
        <line num="36" count="3" type="stmt"/>
        <line num="37" count="3" type="stmt"/>
        <line num="38" count="3" type="stmt"/>
        <line num="39" count="3" type="cond" truecount="2" falsecount="0"/>
        <line num="40" count="2" type="stmt"/>
        <line num="43" count="2" type="stmt"/>
        <line num="44" count="2" type="stmt"/>
        <line num="45" count="2" type="stmt"/>
        <line num="46" count="2" type="stmt"/>
        <line num="47" count="2" type="stmt"/>
        <line num="48" count="2" type="stmt"/>
        <line num="50" count="2" type="stmt"/>
        <line num="51" count="2" type="stmt"/>
        <line num="52" count="2" type="stmt"/>
        <line num="53" count="2" type="stmt"/>
        <line num="55" count="2" type="stmt"/>
        <line num="57" count="1" type="stmt"/>
        <line num="58" count="1" type="stmt"/>
        <line num="59" count="1" type="stmt"/>
        <line num="60" count="1" type="stmt"/>
        <line num="63" count="1" type="stmt"/>
        <line num="64" count="1" type="stmt"/>
        <line num="67" count="1" type="stmt"/>
        <line num="68" count="1" type="stmt"/>
        <line num="71" count="1" type="stmt"/>
        <line num="72" count="1" type="stmt"/>
        <line num="73" count="1" type="stmt"/>
        <line num="74" count="1" type="stmt"/>
      </file>
    </package>
    <package name="services.http">
      <metrics statements="32" coveredstatements="32" conditionals="33" coveredconditionals="32" methods="5" coveredmethods="5"/>
      <file name="createHttpClient.ts" path="/Users/josue/Gupp-Tank/gupp-website/src/services/http/createHttpClient.ts">
        <metrics statements="31" coveredstatements="31" conditionals="33" coveredconditionals="32" methods="5" coveredmethods="5"/>
        <line num="24" count="2" type="stmt"/>
        <line num="29" count="8" type="cond" truecount="2" falsecount="0"/>
        <line num="30" count="7" type="cond" truecount="4" falsecount="0"/>
        <line num="31" count="5" type="cond" truecount="2" falsecount="0"/>
        <line num="32" count="1" type="stmt"/>
        <line num="36" count="14" type="stmt"/>
        <line num="37" count="14" type="cond" truecount="2" falsecount="0"/>
        <line num="41" count="19" type="stmt"/>
        <line num="43" count="19" type="cond" truecount="2" falsecount="0"/>
        <line num="45" count="17" type="stmt"/>
        <line num="46" count="17" type="cond" truecount="2" falsecount="0"/>
        <line num="47" count="19" type="stmt"/>
        <line num="50" count="19" type="stmt"/>
        <line num="51" count="19" type="stmt"/>
        <line num="59" count="3" type="stmt"/>
        <line num="60" count="3" type="cond" truecount="2" falsecount="0"/>
        <line num="61" count="1" type="stmt"/>
        <line num="64" count="14" type="stmt"/>
        <line num="67" count="14" type="stmt"/>
        <line num="68" count="14" type="stmt"/>
        <line num="70" count="2" type="cond" truecount="1" falsecount="1"/>
        <line num="71" count="2" type="cond" truecount="2" falsecount="0"/>
        <line num="72" count="1" type="stmt"/>
        <line num="75" count="12" type="cond" truecount="2" falsecount="0"/>
        <line num="76" count="8" type="stmt"/>
        <line num="77" count="8" type="stmt"/>
        <line num="78" count="8" type="stmt"/>
        <line num="84" count="4" type="stmt"/>
        <line num="85" count="4" type="stmt"/>
        <line num="87" count="1" type="stmt"/>
        <line num="90" count="14" type="stmt"/>
      </file>
      <file name="index.ts" path="/Users/josue/Gupp-Tank/gupp-website/src/services/http/index.ts">
        <metrics statements="1" coveredstatements="1" conditionals="0" coveredconditionals="0" methods="0" coveredmethods="0"/>
        <line num="7" count="1" type="stmt"/>
      </file>
    </package>
  </project>
</coverage>
