{"/Users/josue/Gupp-Tank/gupp-website/src/errors/AppError.ts": {"path":"/Users/josue/Gupp-Tank/gupp-website/src/errors/AppError.ts","statementMap":{"0":{"start":{"line":10,"column":4},"end":{"line":10,"column":null}},"1":{"start":{"line":11,"column":4},"end":{"line":11,"column":null}},"2":{"start":{"line":12,"column":4},"end":{"line":12,"column":null}},"3":{"start":{"line":18,"column":2},"end":{"line":18,"column":null}},"4":{"start":{"line":18,"column":33},"end":{"line":18,"column":null}},"5":{"start":{"line":19,"column":2},"end":{"line":19,"column":null}},"6":{"start":{"line":19,"column":30},"end":{"line":19,"column":null}},"7":{"start":{"line":20,"column":2},"end":{"line":22,"column":null}},"8":{"start":{"line":21,"column":4},"end":{"line":21,"column":null}},"9":{"start":{"line":23,"column":2},"end":{"line":23,"column":null}}},"fnMap":{"0":{"name":"constructor","decl":{"start":{"line":9,"column":2},"end":{"line":9,"column":14}},"loc":{"start":{"line":9,"column":80},"end":{"line":13,"column":null}},"line":9},"1":{"name":"toAppError","decl":{"start":{"line":17,"column":16},"end":{"line":17,"column":27}},"loc":{"start":{"line":17,"column":53},"end":{"line":24,"column":null}},"line":17}},"branchMap":{"0":{"loc":{"start":{"line":10,"column":10},"end":{"line":10,"column":27}},"type":"binary-expr","locations":[{"start":{"line":10,"column":10},"end":{"line":10,"column":21}},{"start":{"line":10,"column":21},"end":{"line":10,"column":27}}],"line":10},"1":{"loc":{"start":{"line":18,"column":2},"end":{"line":18,"column":null}},"type":"if","locations":[{"start":{"line":18,"column":2},"end":{"line":18,"column":null}},{"start":{},"end":{}}],"line":18},"2":{"loc":{"start":{"line":19,"column":2},"end":{"line":19,"column":null}},"type":"if","locations":[{"start":{"line":19,"column":2},"end":{"line":19,"column":null}},{"start":{},"end":{}}],"line":19},"3":{"loc":{"start":{"line":20,"column":2},"end":{"line":22,"column":null}},"type":"if","locations":[{"start":{"line":20,"column":2},"end":{"line":22,"column":null}},{"start":{},"end":{}}],"line":20}},"s":{"0":31,"1":31,"2":31,"3":18,"4":6,"5":12,"6":5,"7":7,"8":1,"9":6},"f":{"0":31,"1":18},"b":{"0":[31,9],"1":[6,12],"2":[5,7],"3":[1,6]},"meta":{"lastBranch":4,"lastFunction":2,"lastStatement":10,"seen":{"f:9:2:9:14":0,"s:10:4:10:Infinity":0,"b:10:10:10:21:10:21:10:27":0,"s:11:4:11:Infinity":1,"s:12:4:12:Infinity":2,"f:17:16:17:27":1,"b:18:2:18:Infinity:undefined:undefined:undefined:undefined":1,"s:18:2:18:Infinity":3,"s:18:33:18:Infinity":4,"b:19:2:19:Infinity:undefined:undefined:undefined:undefined":2,"s:19:2:19:Infinity":5,"s:19:30:19:Infinity":6,"b:20:2:22:Infinity:undefined:undefined:undefined:undefined":3,"s:20:2:22:Infinity":7,"s:21:4:21:Infinity":8,"s:23:2:23:Infinity":9},"fnNames":{}}}
,"/Users/josue/Gupp-Tank/gupp-website/src/errors/errorCodes.ts": {"path":"/Users/josue/Gupp-Tank/gupp-website/src/errors/errorCodes.ts","statementMap":{"0":{"start":{"line":8,"column":25},"end":{"line":17,"column":null}},"1":{"start":{"line":24,"column":14},"end":{"line":24,"column":null}},"2":{"start":{"line":25,"column":13},"end":{"line":25,"column":null}},"3":{"start":{"line":25,"column":67},"end":{"line":25,"column":null}}},"fnMap":{"0":{"name":"(anonymous_0)","decl":{"start":{"line":25,"column":13},"end":{"line":25,"column":28}},"loc":{"start":{"line":25,"column":67},"end":{"line":25,"column":null}},"line":25}},"branchMap":{"0":{"loc":{"start":{"line":25,"column":67},"end":{"line":25,"column":null}},"type":"binary-expr","locations":[{"start":{"line":25,"column":67},"end":{"line":25,"column":96}},{"start":{"line":25,"column":96},"end":{"line":25,"column":null}}],"line":25}},"s":{"0":5,"1":5,"2":5,"3":15},"f":{"0":15},"b":{"0":[15,4]},"meta":{"lastBranch":1,"lastFunction":1,"lastStatement":4,"seen":{"s:8:25:17:Infinity":0,"s:24:14:24:Infinity":1,"s:25:13:25:Infinity":2,"f:25:13:25:28":0,"s:25:67:25:Infinity":3,"b:25:67:25:96:25:96:25:Infinity":0},"fnNames":{}}}
,"/Users/josue/Gupp-Tank/gupp-website/src/errors/getErrorMessage.ts": {"path":"/Users/josue/Gupp-Tank/gupp-website/src/errors/getErrorMessage.ts","statementMap":{"0":{"start":{"line":5,"column":2},"end":{"line":5,"column":null}}},"fnMap":{"0":{"name":"getErrorMessage","decl":{"start":{"line":4,"column":16},"end":{"line":4,"column":32}},"loc":{"start":{"line":4,"column":81},"end":{"line":6,"column":null}},"line":4}},"branchMap":{},"s":{"0":6},"f":{"0":6},"b":{},"meta":{"lastBranch":0,"lastFunction":1,"lastStatement":1,"seen":{"f:4:16:4:32":0,"s:5:2:5:Infinity":0},"fnNames":{}}}
,"/Users/josue/Gupp-Tank/gupp-website/src/hooks/useActiveSection.ts": {"path":"/Users/josue/Gupp-Tank/gupp-website/src/hooks/useActiveSection.ts","statementMap":{"0":{"start":{"line":6,"column":17},"end":{"line":6,"column":null}},"1":{"start":{"line":7,"column":16},"end":{"line":7,"column":null}},"2":{"start":{"line":10,"column":28},"end":{"line":10,"column":null}},"3":{"start":{"line":12,"column":2},"end":{"line":35,"column":null}},"4":{"start":{"line":13,"column":21},"end":{"line":17,"column":null}},"5":{"start":{"line":16,"column":19},"end":{"line":16,"column":46}},"6":{"start":{"line":17,"column":41},"end":{"line":17,"column":52}},"7":{"start":{"line":19,"column":4},"end":{"line":19,"column":null}},"8":{"start":{"line":19,"column":78},"end":{"line":19,"column":null}},"9":{"start":{"line":21,"column":20},"end":{"line":21,"column":null}},"10":{"start":{"line":22,"column":21},"end":{"line":32,"column":null}},"11":{"start":{"line":24,"column":8},"end":{"line":27,"column":null}},"12":{"start":{"line":25,"column":10},"end":{"line":26,"column":null}},"13":{"start":{"line":25,"column":36},"end":{"line":25,"column":null}},"14":{"start":{"line":26,"column":15},"end":{"line":26,"column":null}},"15":{"start":{"line":29,"column":8},"end":{"line":29,"column":null}},"16":{"start":{"line":29,"column":67},"end":{"line":29,"column":85}},"17":{"start":{"line":33,"column":4},"end":{"line":33,"column":null}},"18":{"start":{"line":33,"column":29},"end":{"line":33,"column":49}},"19":{"start":{"line":34,"column":4},"end":{"line":34,"column":null}},"20":{"start":{"line":34,"column":17},"end":{"line":34,"column":null}},"21":{"start":{"line":37,"column":2},"end":{"line":37,"column":null}}},"fnMap":{"0":{"name":"useActiveSection","decl":{"start":{"line":5,"column":16},"end":{"line":5,"column":33}},"loc":{"start":{"line":5,"column":81},"end":{"line":38,"column":null}},"line":5},"1":{"name":"(anonymous_1)","decl":{"start":{"line":12,"column":2},"end":{"line":12,"column":18}},"loc":{"start":{"line":12,"column":18},"end":{"line":35,"column":5}},"line":12},"2":{"name":"(anonymous_2)","decl":{"start":{"line":16,"column":7},"end":{"line":16,"column":12}},"loc":{"start":{"line":16,"column":19},"end":{"line":16,"column":46}},"line":16},"3":{"name":"(anonymous_3)","decl":{"start":{"line":17,"column":7},"end":{"line":17,"column":15}},"loc":{"start":{"line":17,"column":41},"end":{"line":17,"column":52}},"line":17},"4":{"name":"(anonymous_4)","decl":{"start":{"line":22,"column":25},"end":{"line":22,"column":null}},"loc":{"start":{"line":23,"column":19},"end":{"line":30,"column":null}},"line":23},"5":{"name":"(anonymous_5)","decl":{"start":{"line":29,"column":54},"end":{"line":29,"column":60}},"loc":{"start":{"line":29,"column":67},"end":{"line":29,"column":85}},"line":29},"6":{"name":"(anonymous_6)","decl":{"start":{"line":33,"column":13},"end":{"line":33,"column":22}},"loc":{"start":{"line":33,"column":29},"end":{"line":33,"column":49}},"line":33},"7":{"name":"(anonymous_7)","decl":{"start":{"line":34,"column":4},"end":{"line":34,"column":17}},"loc":{"start":{"line":34,"column":17},"end":{"line":34,"column":null}},"line":34}},"branchMap":{"0":{"loc":{"start":{"line":19,"column":4},"end":{"line":19,"column":null}},"type":"if","locations":[{"start":{"line":19,"column":4},"end":{"line":19,"column":null}},{"start":{},"end":{}}],"line":19},"1":{"loc":{"start":{"line":19,"column":8},"end":{"line":19,"column":78}},"type":"binary-expr","locations":[{"start":{"line":19,"column":8},"end":{"line":19,"column":33}},{"start":{"line":19,"column":33},"end":{"line":19,"column":78}}],"line":19},"2":{"loc":{"start":{"line":25,"column":10},"end":{"line":26,"column":null}},"type":"if","locations":[{"start":{"line":25,"column":10},"end":{"line":26,"column":null}},{"start":{"line":26,"column":15},"end":{"line":26,"column":null}}],"line":25},"3":{"loc":{"start":{"line":29,"column":30},"end":{"line":29,"column":99}},"type":"binary-expr","locations":[{"start":{"line":29,"column":30},"end":{"line":29,"column":94}},{"start":{"line":29,"column":94},"end":{"line":29,"column":99}}],"line":29},"4":{"loc":{"start":{"line":37,"column":9},"end":{"line":37,"column":null}},"type":"cond-expr","locations":[{"start":{"line":37,"column":33},"end":{"line":37,"column":44}},{"start":{"line":37,"column":44},"end":{"line":37,"column":null}}],"line":37}},"s":{"0":42,"1":42,"2":42,"3":42,"4":24,"5":24,"6":24,"7":24,"8":23,"9":1,"10":1,"11":2,"12":2,"13":1,"14":1,"15":2,"16":2,"17":1,"18":1,"19":1,"20":1,"21":42},"f":{"0":42,"1":24,"2":24,"3":24,"4":2,"5":2,"6":1,"7":1},"b":{"0":[23,1],"1":[24,18],"2":[1,1],"3":[2,1],"4":[39,3]},"meta":{"lastBranch":5,"lastFunction":8,"lastStatement":22,"seen":{"f:5:16:5:33":0,"s:6:17:6:Infinity":0,"s:7:16:7:Infinity":1,"s:10:28:10:Infinity":2,"s:12:2:35:Infinity":3,"f:12:2:12:18":1,"s:13:21:17:Infinity":4,"f:16:7:16:12":2,"s:16:19:16:46":5,"f:17:7:17:15":3,"s:17:41:17:52":6,"b:19:4:19:Infinity:undefined:undefined:undefined:undefined":0,"s:19:4:19:Infinity":7,"b:19:8:19:33:19:33:19:78":1,"s:19:78:19:Infinity":8,"s:21:20:21:Infinity":9,"s:22:21:32:Infinity":10,"f:22:25:22:Infinity":4,"s:24:8:27:Infinity":11,"b:25:10:26:Infinity:26:15:26:Infinity":2,"s:25:10:26:Infinity":12,"s:25:36:25:Infinity":13,"s:26:15:26:Infinity":14,"s:29:8:29:Infinity":15,"b:29:30:29:94:29:94:29:99":3,"f:29:54:29:60":5,"s:29:67:29:85":16,"s:33:4:33:Infinity":17,"f:33:13:33:22":6,"s:33:29:33:49":18,"s:34:4:34:Infinity":19,"f:34:4:34:17":7,"s:34:17:34:Infinity":20,"s:37:2:37:Infinity":21,"b:37:33:37:44:37:44:37:Infinity":4},"fnNames":{}}}
,"/Users/josue/Gupp-Tank/gupp-website/src/hooks/useCountUp.ts": {"path":"/Users/josue/Gupp-Tank/gupp-website/src/hooks/useCountUp.ts","statementMap":{"0":{"start":{"line":4,"column":6},"end":{"line":4,"column":null}},"1":{"start":{"line":4,"column":36},"end":{"line":4,"column":null}},"2":{"start":{"line":7,"column":24},"end":{"line":7,"column":48}},"3":{"start":{"line":8,"column":28},"end":{"line":8,"column":null}},"4":{"start":{"line":10,"column":2},"end":{"line":25,"column":null}},"5":{"start":{"line":11,"column":4},"end":{"line":11,"column":null}},"6":{"start":{"line":11,"column":23},"end":{"line":11,"column":null}},"7":{"start":{"line":13,"column":16},"end":{"line":13,"column":null}},"8":{"start":{"line":14,"column":31},"end":{"line":14,"column":null}},"9":{"start":{"line":16,"column":10},"end":{"line":21,"column":null}},"10":{"start":{"line":17,"column":6},"end":{"line":17,"column":null}},"11":{"start":{"line":18,"column":23},"end":{"line":18,"column":null}},"12":{"start":{"line":19,"column":6},"end":{"line":19,"column":null}},"13":{"start":{"line":20,"column":6},"end":{"line":20,"column":null}},"14":{"start":{"line":20,"column":24},"end":{"line":20,"column":null}},"15":{"start":{"line":23,"column":4},"end":{"line":23,"column":null}},"16":{"start":{"line":24,"column":4},"end":{"line":24,"column":null}},"17":{"start":{"line":24,"column":17},"end":{"line":24,"column":null}},"18":{"start":{"line":27,"column":2},"end":{"line":27,"column":null}}},"fnMap":{"0":{"name":"(anonymous_0)","decl":{"start":{"line":4,"column":6},"end":{"line":4,"column":22}},"loc":{"start":{"line":4,"column":36},"end":{"line":4,"column":null}},"line":4},"1":{"name":"useCountUp","decl":{"start":{"line":6,"column":16},"end":{"line":6,"column":27}},"loc":{"start":{"line":6,"column":83},"end":{"line":28,"column":null}},"line":6},"2":{"name":"(anonymous_2)","decl":{"start":{"line":10,"column":2},"end":{"line":10,"column":18}},"loc":{"start":{"line":10,"column":18},"end":{"line":25,"column":5}},"line":10},"3":{"name":"(anonymous_3)","decl":{"start":{"line":16,"column":10},"end":{"line":16,"column":18}},"loc":{"start":{"line":16,"column":34},"end":{"line":21,"column":null}},"line":16},"4":{"name":"(anonymous_4)","decl":{"start":{"line":24,"column":4},"end":{"line":24,"column":17}},"loc":{"start":{"line":24,"column":17},"end":{"line":24,"column":null}},"line":24}},"branchMap":{"0":{"loc":{"start":{"line":6,"column":43},"end":{"line":6,"column":62}},"type":"default-arg","locations":[{"start":{"line":6,"column":56},"end":{"line":6,"column":62}}],"line":6},"1":{"loc":{"start":{"line":6,"column":62},"end":{"line":6,"column":83}},"type":"default-arg","locations":[{"start":{"line":6,"column":72},"end":{"line":6,"column":83}}],"line":6},"2":{"loc":{"start":{"line":11,"column":4},"end":{"line":11,"column":null}},"type":"if","locations":[{"start":{"line":11,"column":4},"end":{"line":11,"column":null}},{"start":{},"end":{}}],"line":11},"3":{"loc":{"start":{"line":20,"column":6},"end":{"line":20,"column":null}},"type":"if","locations":[{"start":{"line":20,"column":6},"end":{"line":20,"column":null}},{"start":{},"end":{}}],"line":20},"4":{"loc":{"start":{"line":27,"column":9},"end":{"line":27,"column":null}},"type":"cond-expr","locations":[{"start":{"line":27,"column":25},"end":{"line":27,"column":34}},{"start":{"line":27,"column":34},"end":{"line":27,"column":null}}],"line":27}},"s":{"0":4,"1":97,"2":45,"3":45,"4":45,"5":19,"6":1,"7":18,"8":18,"9":18,"10":97,"11":97,"12":97,"13":97,"14":96,"15":18,"16":18,"17":18,"18":45},"f":{"0":97,"1":45,"2":19,"3":97,"4":18},"b":{"0":[45],"1":[45],"2":[1,18],"3":[96,1],"4":[1,44]},"meta":{"lastBranch":5,"lastFunction":5,"lastStatement":19,"seen":{"s:4:6:4:Infinity":0,"f:4:6:4:22":0,"s:4:36:4:Infinity":1,"f:6:16:6:27":1,"b:6:56:6:62":0,"b:6:72:6:83":1,"s:7:24:7:48":2,"s:8:28:8:Infinity":3,"s:10:2:25:Infinity":4,"f:10:2:10:18":2,"b:11:4:11:Infinity:undefined:undefined:undefined:undefined":2,"s:11:4:11:Infinity":5,"s:11:23:11:Infinity":6,"s:13:16:13:Infinity":7,"s:14:31:14:Infinity":8,"s:16:10:21:Infinity":9,"f:16:10:16:18":3,"s:17:6:17:Infinity":10,"s:18:23:18:Infinity":11,"s:19:6:19:Infinity":12,"b:20:6:20:Infinity:undefined:undefined:undefined:undefined":3,"s:20:6:20:Infinity":13,"s:20:24:20:Infinity":14,"s:23:4:23:Infinity":15,"s:24:4:24:Infinity":16,"f:24:4:24:17":4,"s:24:17:24:Infinity":17,"s:27:2:27:Infinity":18,"b:27:25:27:34:27:34:27:Infinity":4},"fnNames":{}}}
,"/Users/josue/Gupp-Tank/gupp-website/src/hooks/useDocumentMeta.ts": {"path":"/Users/josue/Gupp-Tank/gupp-website/src/hooks/useDocumentMeta.ts","statementMap":{"0":{"start":{"line":4,"column":2},"end":{"line":7,"column":null}},"1":{"start":{"line":5,"column":4},"end":{"line":5,"column":null}},"2":{"start":{"line":6,"column":4},"end":{"line":6,"column":null}}},"fnMap":{"0":{"name":"useDocumentMeta","decl":{"start":{"line":3,"column":16},"end":{"line":3,"column":32}},"loc":{"start":{"line":3,"column":68},"end":{"line":8,"column":null}},"line":3},"1":{"name":"(anonymous_1)","decl":{"start":{"line":4,"column":2},"end":{"line":4,"column":18}},"loc":{"start":{"line":4,"column":18},"end":{"line":7,"column":5}},"line":4}},"branchMap":{},"s":{"0":36,"1":36,"2":36},"f":{"0":36,"1":36},"b":{},"meta":{"lastBranch":0,"lastFunction":2,"lastStatement":3,"seen":{"f:3:16:3:32":0,"s:4:2:7:Infinity":0,"f:4:2:4:18":1,"s:5:4:5:Infinity":1,"s:6:4:6:Infinity":2},"fnNames":{}}}
,"/Users/josue/Gupp-Tank/gupp-website/src/hooks/useFocusTrap.ts": {"path":"/Users/josue/Gupp-Tank/gupp-website/src/hooks/useFocusTrap.ts","statementMap":{"0":{"start":{"line":3,"column":18},"end":{"line":3,"column":null}},"1":{"start":{"line":8,"column":2},"end":{"line":34,"column":null}},"2":{"start":{"line":9,"column":4},"end":{"line":9,"column":null}},"3":{"start":{"line":9,"column":17},"end":{"line":9,"column":null}},"4":{"start":{"line":11,"column":10},"end":{"line":30,"column":null}},"5":{"start":{"line":12,"column":6},"end":{"line":12,"column":null}},"6":{"start":{"line":12,"column":53},"end":{"line":12,"column":null}},"7":{"start":{"line":13,"column":20},"end":{"line":13,"column":null}},"8":{"start":{"line":13,"column":99},"end":{"line":13,"column":122}},"9":{"start":{"line":14,"column":6},"end":{"line":14,"column":null}},"10":{"start":{"line":14,"column":30},"end":{"line":14,"column":null}},"11":{"start":{"line":16,"column":20},"end":{"line":16,"column":null}},"12":{"start":{"line":17,"column":19},"end":{"line":17,"column":null}},"13":{"start":{"line":18,"column":22},"end":{"line":18,"column":null}},"14":{"start":{"line":20,"column":6},"end":{"line":29,"column":null}},"15":{"start":{"line":21,"column":8},"end":{"line":21,"column":null}},"16":{"start":{"line":22,"column":8},"end":{"line":22,"column":null}},"17":{"start":{"line":23,"column":13},"end":{"line":29,"column":null}},"18":{"start":{"line":24,"column":8},"end":{"line":24,"column":null}},"19":{"start":{"line":25,"column":8},"end":{"line":25,"column":null}},"20":{"start":{"line":26,"column":13},"end":{"line":29,"column":null}},"21":{"start":{"line":27,"column":8},"end":{"line":27,"column":null}},"22":{"start":{"line":28,"column":8},"end":{"line":28,"column":null}},"23":{"start":{"line":32,"column":4},"end":{"line":32,"column":null}},"24":{"start":{"line":33,"column":4},"end":{"line":33,"column":null}},"25":{"start":{"line":33,"column":17},"end":{"line":33,"column":null}}},"fnMap":{"0":{"name":"useFocusTrap","decl":{"start":{"line":7,"column":16},"end":{"line":7,"column":29}},"loc":{"start":{"line":7,"column":88},"end":{"line":35,"column":null}},"line":7},"1":{"name":"(anonymous_1)","decl":{"start":{"line":8,"column":2},"end":{"line":8,"column":18}},"loc":{"start":{"line":8,"column":18},"end":{"line":34,"column":5}},"line":8},"2":{"name":"(anonymous_2)","decl":{"start":{"line":11,"column":10},"end":{"line":11,"column":23}},"loc":{"start":{"line":11,"column":48},"end":{"line":30,"column":null}},"line":11},"3":{"name":"(anonymous_3)","decl":{"start":{"line":13,"column":84},"end":{"line":13,"column":92}},"loc":{"start":{"line":13,"column":99},"end":{"line":13,"column":122}},"line":13},"4":{"name":"(anonymous_4)","decl":{"start":{"line":33,"column":4},"end":{"line":33,"column":17}},"loc":{"start":{"line":33,"column":17},"end":{"line":33,"column":null}},"line":33}},"branchMap":{"0":{"loc":{"start":{"line":9,"column":4},"end":{"line":9,"column":null}},"type":"if","locations":[{"start":{"line":9,"column":4},"end":{"line":9,"column":null}},{"start":{},"end":{}}],"line":9},"1":{"loc":{"start":{"line":12,"column":6},"end":{"line":12,"column":null}},"type":"if","locations":[{"start":{"line":12,"column":6},"end":{"line":12,"column":null}},{"start":{},"end":{}}],"line":12},"2":{"loc":{"start":{"line":12,"column":10},"end":{"line":12,"column":53}},"type":"binary-expr","locations":[{"start":{"line":12,"column":10},"end":{"line":12,"column":33}},{"start":{"line":12,"column":33},"end":{"line":12,"column":53}}],"line":12},"3":{"loc":{"start":{"line":14,"column":6},"end":{"line":14,"column":null}},"type":"if","locations":[{"start":{"line":14,"column":6},"end":{"line":14,"column":null}},{"start":{},"end":{}}],"line":14},"4":{"loc":{"start":{"line":20,"column":6},"end":{"line":29,"column":null}},"type":"if","locations":[{"start":{"line":20,"column":6},"end":{"line":29,"column":null}},{"start":{"line":23,"column":13},"end":{"line":29,"column":null}}],"line":20},"5":{"loc":{"start":{"line":23,"column":13},"end":{"line":29,"column":null}},"type":"if","locations":[{"start":{"line":23,"column":13},"end":{"line":29,"column":null}},{"start":{"line":26,"column":13},"end":{"line":29,"column":null}}],"line":23},"6":{"loc":{"start":{"line":23,"column":17},"end":{"line":23,"column":54}},"type":"binary-expr","locations":[{"start":{"line":23,"column":17},"end":{"line":23,"column":35}},{"start":{"line":23,"column":35},"end":{"line":23,"column":54}}],"line":23},"7":{"loc":{"start":{"line":26,"column":13},"end":{"line":29,"column":null}},"type":"if","locations":[{"start":{"line":26,"column":13},"end":{"line":29,"column":null}},{"start":{},"end":{}}],"line":26},"8":{"loc":{"start":{"line":26,"column":17},"end":{"line":26,"column":54}},"type":"binary-expr","locations":[{"start":{"line":26,"column":17},"end":{"line":26,"column":36}},{"start":{"line":26,"column":36},"end":{"line":26,"column":54}}],"line":26}},"s":{"0":3,"1":56,"2":28,"3":23,"4":5,"5":37,"6":13,"7":24,"8":240,"9":24,"10":0,"11":24,"12":24,"13":24,"14":24,"15":0,"16":0,"17":24,"18":1,"19":1,"20":23,"21":1,"22":1,"23":5,"24":5,"25":5},"f":{"0":56,"1":28,"2":37,"3":240,"4":5},"b":{"0":[23,5],"1":[13,24],"2":[37,24],"3":[0,24],"4":[0,24],"5":[1,23],"6":[24,12],"7":[1,22],"8":[23,12]},"meta":{"lastBranch":9,"lastFunction":5,"lastStatement":26,"seen":{"s:3:18:3:Infinity":0,"f:7:16:7:29":0,"s:8:2:34:Infinity":1,"f:8:2:8:18":1,"b:9:4:9:Infinity:undefined:undefined:undefined:undefined":0,"s:9:4:9:Infinity":2,"s:9:17:9:Infinity":3,"s:11:10:30:Infinity":4,"f:11:10:11:23":2,"b:12:6:12:Infinity:undefined:undefined:undefined:undefined":1,"s:12:6:12:Infinity":5,"b:12:10:12:33:12:33:12:53":2,"s:12:53:12:Infinity":6,"s:13:20:13:Infinity":7,"f:13:84:13:92":3,"s:13:99:13:122":8,"b:14:6:14:Infinity:undefined:undefined:undefined:undefined":3,"s:14:6:14:Infinity":9,"s:14:30:14:Infinity":10,"s:16:20:16:Infinity":11,"s:17:19:17:Infinity":12,"s:18:22:18:Infinity":13,"b:20:6:29:Infinity:23:13:29:Infinity":4,"s:20:6:29:Infinity":14,"s:21:8:21:Infinity":15,"s:22:8:22:Infinity":16,"b:23:13:29:Infinity:26:13:29:Infinity":5,"s:23:13:29:Infinity":17,"b:23:17:23:35:23:35:23:54":6,"s:24:8:24:Infinity":18,"s:25:8:25:Infinity":19,"b:26:13:29:Infinity:undefined:undefined:undefined:undefined":7,"s:26:13:29:Infinity":20,"b:26:17:26:36:26:36:26:54":8,"s:27:8:27:Infinity":21,"s:28:8:28:Infinity":22,"s:32:4:32:Infinity":23,"s:33:4:33:Infinity":24,"f:33:4:33:17":4,"s:33:17:33:Infinity":25},"fnNames":{}}}
,"/Users/josue/Gupp-Tank/gupp-website/src/hooks/useFormat.ts": {"path":"/Users/josue/Gupp-Tank/gupp-website/src/hooks/useFormat.ts","statementMap":{"0":{"start":{"line":7,"column":21},"end":{"line":7,"column":29}},"1":{"start":{"line":8,"column":2},"end":{"line":16,"column":null}},"2":{"start":{"line":9,"column":11},"end":{"line":14,"column":null}},"3":{"start":{"line":10,"column":69},"end":{"line":10,"column":null}},"4":{"start":{"line":11,"column":76},"end":{"line":11,"column":null}},"5":{"start":{"line":12,"column":61},"end":{"line":12,"column":null}},"6":{"start":{"line":13,"column":73},"end":{"line":13,"column":null}}},"fnMap":{"0":{"name":"useFormat","decl":{"start":{"line":6,"column":16},"end":{"line":6,"column":28}},"loc":{"start":{"line":6,"column":28},"end":{"line":17,"column":null}},"line":6},"1":{"name":"(anonymous_1)","decl":{"start":{"line":8,"column":9},"end":{"line":8,"column":null}},"loc":{"start":{"line":9,"column":11},"end":{"line":14,"column":null}},"line":9},"2":{"name":"(anonymous_2)","decl":{"start":{"line":10,"column":6},"end":{"line":10,"column":15}},"loc":{"start":{"line":10,"column":69},"end":{"line":10,"column":null}},"line":10},"3":{"name":"(anonymous_3)","decl":{"start":{"line":11,"column":6},"end":{"line":11,"column":13}},"loc":{"start":{"line":11,"column":76},"end":{"line":11,"column":null}},"line":11},"4":{"name":"(anonymous_4)","decl":{"start":{"line":12,"column":6},"end":{"line":12,"column":13}},"loc":{"start":{"line":12,"column":61},"end":{"line":12,"column":null}},"line":12},"5":{"name":"(anonymous_5)","decl":{"start":{"line":13,"column":6},"end":{"line":13,"column":15}},"loc":{"start":{"line":13,"column":73},"end":{"line":13,"column":null}},"line":13}},"branchMap":{},"s":{"0":3,"1":3,"2":3,"3":2,"4":1,"5":2,"6":1},"f":{"0":3,"1":3,"2":2,"3":1,"4":2,"5":1},"b":{},"meta":{"lastBranch":0,"lastFunction":6,"lastStatement":7,"seen":{"f:6:16:6:28":0,"s:7:21:7:29":0,"s:8:2:16:Infinity":1,"f:8:9:8:Infinity":1,"s:9:11:14:Infinity":2,"f:10:6:10:15":2,"s:10:69:10:Infinity":3,"f:11:6:11:13":3,"s:11:76:11:Infinity":4,"f:12:6:12:13":4,"s:12:61:12:Infinity":5,"f:13:6:13:15":5,"s:13:73:13:Infinity":6},"fnNames":{}}}
,"/Users/josue/Gupp-Tank/gupp-website/src/hooks/useI18n.ts": {"path":"/Users/josue/Gupp-Tank/gupp-website/src/hooks/useI18n.ts","statementMap":{"0":{"start":{"line":7,"column":17},"end":{"line":7,"column":null}},"1":{"start":{"line":8,"column":2},"end":{"line":8,"column":null}}},"fnMap":{"0":{"name":"useI18n","decl":{"start":{"line":6,"column":16},"end":{"line":6,"column":98}},"loc":{"start":{"line":6,"column":98},"end":{"line":9,"column":null}},"line":6}},"branchMap":{},"s":{"0":142,"1":142},"f":{"0":142},"b":{},"meta":{"lastBranch":0,"lastFunction":1,"lastStatement":2,"seen":{"f:6:16:6:98":0,"s:7:17:7:Infinity":0,"s:8:2:8:Infinity":1},"fnNames":{}}}
,"/Users/josue/Gupp-Tank/gupp-website/src/hooks/useLocalePath.ts": {"path":"/Users/josue/Gupp-Tank/gupp-website/src/hooks/useLocalePath.ts","statementMap":{"0":{"start":{"line":7,"column":21},"end":{"line":7,"column":29}},"1":{"start":{"line":8,"column":2},"end":{"line":8,"column":null}},"2":{"start":{"line":8,"column":36},"end":{"line":8,"column":62}}},"fnMap":{"0":{"name":"useLocalePath","decl":{"start":{"line":6,"column":16},"end":{"line":6,"column":32}},"loc":{"start":{"line":6,"column":32},"end":{"line":9,"column":null}},"line":6},"1":{"name":"(anonymous_1)","decl":{"start":{"line":8,"column":9},"end":{"line":8,"column":22}},"loc":{"start":{"line":8,"column":36},"end":{"line":8,"column":62}},"line":8}},"branchMap":{"0":{"loc":{"start":{"line":8,"column":22},"end":{"line":8,"column":36}},"type":"default-arg","locations":[{"start":{"line":8,"column":29},"end":{"line":8,"column":36}}],"line":8}},"s":{"0":57,"1":57,"2":99},"f":{"0":57,"1":99},"b":{"0":[99]},"meta":{"lastBranch":1,"lastFunction":2,"lastStatement":3,"seen":{"f:6:16:6:32":0,"s:7:21:7:29":0,"s:8:2:8:Infinity":1,"f:8:9:8:22":1,"s:8:36:8:62":2,"b:8:29:8:36":0},"fnNames":{}}}
,"/Users/josue/Gupp-Tank/gupp-website/src/hooks/useMobileMenu.ts": {"path":"/Users/josue/Gupp-Tank/gupp-website/src/hooks/useMobileMenu.ts","statementMap":{"0":{"start":{"line":4,"column":16},"end":{"line":4,"column":null}},"1":{"start":{"line":10,"column":26},"end":{"line":10,"column":null}},"2":{"start":{"line":11,"column":20},"end":{"line":11,"column":null}},"3":{"start":{"line":12,"column":19},"end":{"line":12,"column":null}},"4":{"start":{"line":13,"column":18},"end":{"line":13,"column":24}},"5":{"start":{"line":15,"column":16},"end":{"line":18,"column":null}},"6":{"start":{"line":16,"column":4},"end":{"line":16,"column":null}},"7":{"start":{"line":17,"column":4},"end":{"line":17,"column":null}},"8":{"start":{"line":17,"column":22},"end":{"line":17,"column":null}},"9":{"start":{"line":19,"column":17},"end":{"line":19,"column":null}},"10":{"start":{"line":19,"column":35},"end":{"line":19,"column":63}},"11":{"start":{"line":19,"column":54},"end":{"line":19,"column":60}},"12":{"start":{"line":21,"column":2},"end":{"line":42,"column":null}},"13":{"start":{"line":22,"column":4},"end":{"line":22,"column":null}},"14":{"start":{"line":22,"column":15},"end":{"line":22,"column":null}},"15":{"start":{"line":23,"column":4},"end":{"line":23,"column":null}},"16":{"start":{"line":25,"column":10},"end":{"line":27,"column":null}},"17":{"start":{"line":26,"column":6},"end":{"line":26,"column":null}},"18":{"start":{"line":26,"column":34},"end":{"line":26,"column":null}},"19":{"start":{"line":28,"column":4},"end":{"line":28,"column":null}},"20":{"start":{"line":30,"column":29},"end":{"line":30,"column":null}},"21":{"start":{"line":31,"column":4},"end":{"line":31,"column":null}},"22":{"start":{"line":33,"column":18},"end":{"line":33,"column":null}},"23":{"start":{"line":34,"column":10},"end":{"line":34,"column":null}},"24":{"start":{"line":34,"column":27},"end":{"line":34,"column":null}},"25":{"start":{"line":35,"column":4},"end":{"line":35,"column":null}},"26":{"start":{"line":37,"column":4},"end":{"line":41,"column":null}},"27":{"start":{"line":38,"column":6},"end":{"line":38,"column":null}},"28":{"start":{"line":39,"column":6},"end":{"line":39,"column":null}},"29":{"start":{"line":40,"column":6},"end":{"line":40,"column":null}},"30":{"start":{"line":44,"column":2},"end":{"line":44,"column":null}}},"fnMap":{"0":{"name":"useMobileMenu","decl":{"start":{"line":9,"column":16},"end":{"line":9,"column":32}},"loc":{"start":{"line":9,"column":32},"end":{"line":45,"column":null}},"line":9},"1":{"name":"(anonymous_1)","decl":{"start":{"line":15,"column":16},"end":{"line":15,"column":29}},"loc":{"start":{"line":15,"column":54},"end":{"line":18,"column":5}},"line":15},"2":{"name":"(anonymous_2)","decl":{"start":{"line":19,"column":17},"end":{"line":19,"column":35}},"loc":{"start":{"line":19,"column":35},"end":{"line":19,"column":63}},"line":19},"3":{"name":"(anonymous_3)","decl":{"start":{"line":19,"column":35},"end":{"line":19,"column":44}},"loc":{"start":{"line":19,"column":54},"end":{"line":19,"column":60}},"line":19},"4":{"name":"(anonymous_4)","decl":{"start":{"line":21,"column":2},"end":{"line":21,"column":18}},"loc":{"start":{"line":21,"column":18},"end":{"line":42,"column":5}},"line":21},"5":{"name":"(anonymous_5)","decl":{"start":{"line":25,"column":10},"end":{"line":25,"column":23}},"loc":{"start":{"line":25,"column":48},"end":{"line":27,"column":null}},"line":25},"6":{"name":"(anonymous_6)","decl":{"start":{"line":34,"column":10},"end":{"line":34,"column":27}},"loc":{"start":{"line":34,"column":27},"end":{"line":34,"column":null}},"line":34},"7":{"name":"(anonymous_7)","decl":{"start":{"line":37,"column":4},"end":{"line":37,"column":17}},"loc":{"start":{"line":37,"column":17},"end":{"line":41,"column":null}},"line":37}},"branchMap":{"0":{"loc":{"start":{"line":15,"column":29},"end":{"line":15,"column":54}},"type":"default-arg","locations":[{"start":{"line":15,"column":44},"end":{"line":15,"column":54}}],"line":15},"1":{"loc":{"start":{"line":17,"column":4},"end":{"line":17,"column":null}},"type":"if","locations":[{"start":{"line":17,"column":4},"end":{"line":17,"column":null}},{"start":{},"end":{}}],"line":17},"2":{"loc":{"start":{"line":22,"column":4},"end":{"line":22,"column":null}},"type":"if","locations":[{"start":{"line":22,"column":4},"end":{"line":22,"column":null}},{"start":{},"end":{}}],"line":22},"3":{"loc":{"start":{"line":26,"column":6},"end":{"line":26,"column":null}},"type":"if","locations":[{"start":{"line":26,"column":6},"end":{"line":26,"column":null}},{"start":{},"end":{}}],"line":26},"4":{"loc":{"start":{"line":34,"column":27},"end":{"line":34,"column":null}},"type":"binary-expr","locations":[{"start":{"line":34,"column":27},"end":{"line":34,"column":44}},{"start":{"line":34,"column":44},"end":{"line":34,"column":null}}],"line":34}},"s":{"0":3,"1":42,"2":42,"3":42,"4":42,"5":42,"6":2,"7":2,"8":1,"9":42,"10":5,"11":5,"12":42,"13":28,"14":23,"15":5,"16":28,"17":37,"18":1,"19":28,"20":28,"21":28,"22":28,"23":28,"24":0,"25":28,"26":28,"27":5,"28":5,"29":5,"30":42},"f":{"0":42,"1":2,"2":5,"3":5,"4":28,"5":37,"6":0,"7":5},"b":{"0":[2],"1":[1,1],"2":[23,5],"3":[1,36],"4":[0,0]},"meta":{"lastBranch":5,"lastFunction":8,"lastStatement":31,"seen":{"s:4:16:4:Infinity":0,"f:9:16:9:32":0,"s:10:26:10:Infinity":1,"s:11:20:11:Infinity":2,"s:12:19:12:Infinity":3,"s:13:18:13:24":4,"s:15:16:18:Infinity":5,"f:15:16:15:29":1,"b:15:44:15:54":0,"s:16:4:16:Infinity":6,"b:17:4:17:Infinity:undefined:undefined:undefined:undefined":1,"s:17:4:17:Infinity":7,"s:17:22:17:Infinity":8,"s:19:17:19:Infinity":9,"f:19:17:19:35":2,"s:19:35:19:63":10,"f:19:35:19:44":3,"s:19:54:19:60":11,"s:21:2:42:Infinity":12,"f:21:2:21:18":4,"b:22:4:22:Infinity:undefined:undefined:undefined:undefined":2,"s:22:4:22:Infinity":13,"s:22:15:22:Infinity":14,"s:23:4:23:Infinity":15,"s:25:10:27:Infinity":16,"f:25:10:25:23":5,"b:26:6:26:Infinity:undefined:undefined:undefined:undefined":3,"s:26:6:26:Infinity":17,"s:26:34:26:Infinity":18,"s:28:4:28:Infinity":19,"s:30:29:30:Infinity":20,"s:31:4:31:Infinity":21,"s:33:18:33:Infinity":22,"s:34:10:34:Infinity":23,"f:34:10:34:27":6,"s:34:27:34:Infinity":24,"b:34:27:34:44:34:44:34:Infinity":4,"s:35:4:35:Infinity":25,"s:37:4:41:Infinity":26,"f:37:4:37:17":7,"s:38:6:38:Infinity":27,"s:39:6:39:Infinity":28,"s:40:6:40:Infinity":29,"s:44:2:44:Infinity":30},"fnNames":{}}}
,"/Users/josue/Gupp-Tank/gupp-website/src/hooks/usePreference.ts": {"path":"/Users/josue/Gupp-Tank/gupp-website/src/hooks/usePreference.ts","statementMap":{"0":{"start":{"line":5,"column":2},"end":{"line":5,"column":null}},"1":{"start":{"line":5,"column":64},"end":{"line":5,"column":75}}},"fnMap":{"0":{"name":"usePreference","decl":{"start":{"line":4,"column":16},"end":{"line":4,"column":48}},"loc":{"start":{"line":4,"column":94},"end":{"line":6,"column":null}},"line":4},"1":{"name":"(anonymous_1)","decl":{"start":{"line":5,"column":53},"end":{"line":5,"column":64}},"loc":{"start":{"line":5,"column":64},"end":{"line":5,"column":75}},"line":5}},"branchMap":{},"s":{"0":339,"1":0},"f":{"0":339,"1":0},"b":{},"meta":{"lastBranch":0,"lastFunction":2,"lastStatement":2,"seen":{"f:4:16:4:48":0,"s:5:2:5:Infinity":0,"f:5:53:5:64":1,"s:5:64:5:75":1},"fnNames":{}}}
,"/Users/josue/Gupp-Tank/gupp-website/src/hooks/usePrefersReducedMotion.ts": {"path":"/Users/josue/Gupp-Tank/gupp-website/src/hooks/usePrefersReducedMotion.ts","statementMap":{"0":{"start":{"line":3,"column":14},"end":{"line":3,"column":null}},"1":{"start":{"line":6,"column":16},"end":{"line":6,"column":null}},"2":{"start":{"line":7,"column":2},"end":{"line":7,"column":null}},"3":{"start":{"line":8,"column":2},"end":{"line":8,"column":null}},"4":{"start":{"line":8,"column":15},"end":{"line":8,"column":null}},"5":{"start":{"line":12,"column":2},"end":{"line":16,"column":null}},"6":{"start":{"line":14,"column":10},"end":{"line":14,"column":null}},"7":{"start":{"line":15,"column":10},"end":{"line":15,"column":null}}},"fnMap":{"0":{"name":"subscribe","decl":{"start":{"line":5,"column":9},"end":{"line":5,"column":19}},"loc":{"start":{"line":5,"column":41},"end":{"line":9,"column":null}},"line":5},"1":{"name":"(anonymous_1)","decl":{"start":{"line":8,"column":2},"end":{"line":8,"column":15}},"loc":{"start":{"line":8,"column":15},"end":{"line":8,"column":null}},"line":8},"2":{"name":"usePrefersReducedMotion","decl":{"start":{"line":11,"column":16},"end":{"line":11,"column":51}},"loc":{"start":{"line":11,"column":51},"end":{"line":17,"column":null}},"line":11},"3":{"name":"(anonymous_3)","decl":{"start":{"line":13,"column":4},"end":{"line":13,"column":null}},"loc":{"start":{"line":14,"column":10},"end":{"line":14,"column":null}},"line":14},"4":{"name":"(anonymous_4)","decl":{"start":{"line":14,"column":35},"end":{"line":14,"column":null}},"loc":{"start":{"line":15,"column":10},"end":{"line":15,"column":null}},"line":15}},"branchMap":{},"s":{"0":5,"1":34,"2":34,"3":34,"4":34,"5":62,"6":190,"7":0},"f":{"0":34,"1":34,"2":62,"3":190,"4":0},"b":{},"meta":{"lastBranch":0,"lastFunction":5,"lastStatement":8,"seen":{"s:3:14:3:Infinity":0,"f:5:9:5:19":0,"s:6:16:6:Infinity":1,"s:7:2:7:Infinity":2,"s:8:2:8:Infinity":3,"f:8:2:8:15":1,"s:8:15:8:Infinity":4,"f:11:16:11:51":2,"s:12:2:16:Infinity":5,"f:13:4:13:Infinity":3,"s:14:10:14:Infinity":6,"f:14:35:14:Infinity":4,"s:15:10:15:Infinity":7},"fnNames":{}}}
,"/Users/josue/Gupp-Tank/gupp-website/src/hooks/useScrolled.ts": {"path":"/Users/josue/Gupp-Tank/gupp-website/src/hooks/useScrolled.ts","statementMap":{"0":{"start":{"line":4,"column":34},"end":{"line":4,"column":null}},"1":{"start":{"line":6,"column":2},"end":{"line":11,"column":null}},"2":{"start":{"line":7,"column":10},"end":{"line":7,"column":null}},"3":{"start":{"line":7,"column":25},"end":{"line":7,"column":null}},"4":{"start":{"line":8,"column":4},"end":{"line":8,"column":null}},"5":{"start":{"line":9,"column":4},"end":{"line":9,"column":null}},"6":{"start":{"line":10,"column":4},"end":{"line":10,"column":null}},"7":{"start":{"line":10,"column":17},"end":{"line":10,"column":null}},"8":{"start":{"line":13,"column":2},"end":{"line":13,"column":null}}},"fnMap":{"0":{"name":"useScrolled","decl":{"start":{"line":3,"column":16},"end":{"line":3,"column":28}},"loc":{"start":{"line":3,"column":52},"end":{"line":14,"column":null}},"line":3},"1":{"name":"(anonymous_1)","decl":{"start":{"line":6,"column":2},"end":{"line":6,"column":18}},"loc":{"start":{"line":6,"column":18},"end":{"line":11,"column":5}},"line":6},"2":{"name":"(anonymous_2)","decl":{"start":{"line":7,"column":10},"end":{"line":7,"column":25}},"loc":{"start":{"line":7,"column":25},"end":{"line":7,"column":null}},"line":7},"3":{"name":"(anonymous_3)","decl":{"start":{"line":10,"column":4},"end":{"line":10,"column":17}},"loc":{"start":{"line":10,"column":17},"end":{"line":10,"column":null}},"line":10}},"branchMap":{"0":{"loc":{"start":{"line":3,"column":28},"end":{"line":3,"column":52}},"type":"default-arg","locations":[{"start":{"line":3,"column":40},"end":{"line":3,"column":52}}],"line":3}},"s":{"0":62,"1":62,"2":23,"3":26,"4":23,"5":23,"6":23,"7":23,"8":62},"f":{"0":62,"1":23,"2":26,"3":23},"b":{"0":[62]},"meta":{"lastBranch":1,"lastFunction":4,"lastStatement":9,"seen":{"f:3:16:3:28":0,"b:3:40:3:52":0,"s:4:34:4:Infinity":0,"s:6:2:11:Infinity":1,"f:6:2:6:18":1,"s:7:10:7:Infinity":2,"f:7:10:7:25":2,"s:7:25:7:Infinity":3,"s:8:4:8:Infinity":4,"s:9:4:9:Infinity":5,"s:10:4:10:Infinity":6,"f:10:4:10:17":3,"s:10:17:10:Infinity":7,"s:13:2:13:Infinity":8},"fnNames":{}}}
,"/Users/josue/Gupp-Tank/gupp-website/src/hooks/useSwitchLocale.ts": {"path":"/Users/josue/Gupp-Tank/gupp-website/src/hooks/useSwitchLocale.ts","statementMap":{"0":{"start":{"line":10,"column":19},"end":{"line":10,"column":31}},"1":{"start":{"line":11,"column":37},"end":{"line":11,"column":49}},"2":{"start":{"line":13,"column":2},"end":{"line":19,"column":null}},"3":{"start":{"line":15,"column":6},"end":{"line":15,"column":null}},"4":{"start":{"line":16,"column":6},"end":{"line":16,"column":null}}},"fnMap":{"0":{"name":"useSwitchLocale","decl":{"start":{"line":9,"column":16},"end":{"line":9,"column":34}},"loc":{"start":{"line":9,"column":34},"end":{"line":20,"column":null}},"line":9},"1":{"name":"(anonymous_1)","decl":{"start":{"line":13,"column":9},"end":{"line":13,"column":null}},"loc":{"start":{"line":14,"column":22},"end":{"line":17,"column":null}},"line":14}},"branchMap":{},"s":{"0":42,"1":42,"2":42,"3":2,"4":2},"f":{"0":42,"1":2},"b":{},"meta":{"lastBranch":0,"lastFunction":2,"lastStatement":5,"seen":{"f:9:16:9:34":0,"s:10:19:10:31":0,"s:11:37:11:49":1,"s:13:2:19:Infinity":2,"f:13:9:13:Infinity":1,"s:15:6:15:Infinity":3,"s:16:6:16:Infinity":4},"fnNames":{}}}
,"/Users/josue/Gupp-Tank/gupp-website/src/hooks/useTheme.ts": {"path":"/Users/josue/Gupp-Tank/gupp-website/src/hooks/useTheme.ts","statementMap":{"0":{"start":{"line":6,"column":16},"end":{"line":6,"column":null}},"1":{"start":{"line":7,"column":22},"end":{"line":7,"column":null}},"2":{"start":{"line":7,"column":40},"end":{"line":7,"column":104}},"3":{"start":{"line":8,"column":2},"end":{"line":8,"column":null}}},"fnMap":{"0":{"name":"useTheme","decl":{"start":{"line":5,"column":16},"end":{"line":5,"column":70}},"loc":{"start":{"line":5,"column":70},"end":{"line":9,"column":null}},"line":5},"1":{"name":"(anonymous_1)","decl":{"start":{"line":7,"column":22},"end":{"line":7,"column":40}},"loc":{"start":{"line":7,"column":40},"end":{"line":7,"column":104}},"line":7}},"branchMap":{"0":{"loc":{"start":{"line":7,"column":55},"end":{"line":7,"column":101}},"type":"cond-expr","locations":[{"start":{"line":7,"column":85},"end":{"line":7,"column":95}},{"start":{"line":7,"column":95},"end":{"line":7,"column":101}}],"line":7}},"s":{"0":197,"1":197,"2":2,"3":197},"f":{"0":197,"1":2},"b":{"0":[1,1]},"meta":{"lastBranch":1,"lastFunction":2,"lastStatement":4,"seen":{"f:5:16:5:70":0,"s:6:16:6:Infinity":0,"s:7:22:7:Infinity":1,"f:7:22:7:40":1,"s:7:40:7:104":2,"b:7:85:7:95:7:95:7:101":0,"s:8:2:8:Infinity":3},"fnNames":{}}}
,"/Users/josue/Gupp-Tank/gupp-website/src/hooks/useWaterCaustics.ts": {"path":"/Users/josue/Gupp-Tank/gupp-website/src/hooks/useWaterCaustics.ts","statementMap":{"0":{"start":{"line":10,"column":25},"end":{"line":10,"column":null}},"1":{"start":{"line":11,"column":26},"end":{"line":11,"column":null}},"2":{"start":{"line":12,"column":26},"end":{"line":12,"column":null}},"3":{"start":{"line":15,"column":17},"end":{"line":15,"column":null}},"4":{"start":{"line":16,"column":2},"end":{"line":19,"column":null}},"5":{"start":{"line":23,"column":19},"end":{"line":23,"column":null}},"6":{"start":{"line":24,"column":2},"end":{"line":24,"column":null}},"7":{"start":{"line":24,"column":17},"end":{"line":24,"column":null}},"8":{"start":{"line":26,"column":14},"end":{"line":26,"column":null}},"9":{"start":{"line":27,"column":17},"end":{"line":27,"column":null}},"10":{"start":{"line":28,"column":16},"end":{"line":28,"column":null}},"11":{"start":{"line":29,"column":20},"end":{"line":29,"column":null}},"12":{"start":{"line":31,"column":8},"end":{"line":31,"column":null}},"13":{"start":{"line":31,"column":24},"end":{"line":31,"column":null}},"14":{"start":{"line":33,"column":8},"end":{"line":38,"column":null}},"15":{"start":{"line":34,"column":4},"end":{"line":34,"column":null}},"16":{"start":{"line":35,"column":4},"end":{"line":35,"column":null}},"17":{"start":{"line":35,"column":44},"end":{"line":35,"column":null}},"18":{"start":{"line":36,"column":4},"end":{"line":36,"column":null}},"19":{"start":{"line":37,"column":4},"end":{"line":37,"column":null}},"20":{"start":{"line":40,"column":8},"end":{"line":43,"column":null}},"21":{"start":{"line":41,"column":4},"end":{"line":41,"column":null}},"22":{"start":{"line":41,"column":63},"end":{"line":41,"column":null}},"23":{"start":{"line":42,"column":4},"end":{"line":42,"column":null}},"24":{"start":{"line":45,"column":8},"end":{"line":48,"column":null}},"25":{"start":{"line":46,"column":4},"end":{"line":46,"column":null}},"26":{"start":{"line":47,"column":4},"end":{"line":47,"column":null}},"27":{"start":{"line":50,"column":8},"end":{"line":56,"column":null}},"28":{"start":{"line":52,"column":4},"end":{"line":52,"column":null}},"29":{"start":{"line":53,"column":30},"end":{"line":53,"column":null}},"30":{"start":{"line":54,"column":4},"end":{"line":54,"column":null}},"31":{"start":{"line":55,"column":4},"end":{"line":55,"column":null}},"32":{"start":{"line":58,"column":2},"end":{"line":58,"column":null}},"33":{"start":{"line":59,"column":2},"end":{"line":59,"column":null}},"34":{"start":{"line":61,"column":25},"end":{"line":61,"column":null}},"35":{"start":{"line":62,"column":2},"end":{"line":62,"column":null}},"36":{"start":{"line":64,"column":29},"end":{"line":68,"column":null}},"37":{"start":{"line":65,"column":4},"end":{"line":65,"column":null}},"38":{"start":{"line":66,"column":4},"end":{"line":67,"column":null}},"39":{"start":{"line":66,"column":17},"end":{"line":66,"column":null}},"40":{"start":{"line":67,"column":9},"end":{"line":67,"column":null}},"41":{"start":{"line":69,"column":2},"end":{"line":69,"column":null}},"42":{"start":{"line":71,"column":8},"end":{"line":71,"column":null}},"43":{"start":{"line":71,"column":36},"end":{"line":71,"column":null}},"44":{"start":{"line":72,"column":2},"end":{"line":72,"column":null}},"45":{"start":{"line":74,"column":2},"end":{"line":80,"column":null}},"46":{"start":{"line":75,"column":4},"end":{"line":75,"column":null}},"47":{"start":{"line":76,"column":4},"end":{"line":76,"column":null}},"48":{"start":{"line":77,"column":4},"end":{"line":77,"column":null}},"49":{"start":{"line":78,"column":4},"end":{"line":78,"column":null}},"50":{"start":{"line":79,"column":4},"end":{"line":79,"column":null}},"51":{"start":{"line":84,"column":24},"end":{"line":84,"column":48}},"52":{"start":{"line":85,"column":20},"end":{"line":85,"column":29}},"53":{"start":{"line":87,"column":2},"end":{"line":102,"column":null}},"54":{"start":{"line":88,"column":19},"end":{"line":88,"column":null}},"55":{"start":{"line":89,"column":4},"end":{"line":89,"column":null}},"56":{"start":{"line":89,"column":17},"end":{"line":89,"column":null}},"57":{"start":{"line":90,"column":4},"end":{"line":90,"column":null}},"58":{"start":{"line":90,"column":98},"end":{"line":90,"column":null}},"59":{"start":{"line":94,"column":23},"end":{"line":96,"column":null}},"60":{"start":{"line":95,"column":6},"end":{"line":95,"column":null}},"61":{"start":{"line":97,"column":4},"end":{"line":100,"column":null}},"62":{"start":{"line":98,"column":6},"end":{"line":98,"column":null}},"63":{"start":{"line":99,"column":6},"end":{"line":99,"column":null}}},"fnMap":{"0":{"name":"readAppearance","decl":{"start":{"line":14,"column":9},"end":{"line":14,"column":24}},"loc":{"start":{"line":14,"column":51},"end":{"line":20,"column":null}},"line":14},"1":{"name":"startCaustics","decl":{"start":{"line":22,"column":9},"end":{"line":22,"column":23}},"loc":{"start":{"line":22,"column":100},"end":{"line":81,"column":null}},"line":22},"2":{"name":"(anonymous_2)","decl":{"start":{"line":31,"column":8},"end":{"line":31,"column":24}},"loc":{"start":{"line":31,"column":24},"end":{"line":31,"column":null}},"line":31},"3":{"name":"(anonymous_3)","decl":{"start":{"line":33,"column":8},"end":{"line":33,"column":16}},"loc":{"start":{"line":33,"column":32},"end":{"line":38,"column":null}},"line":33},"4":{"name":"(anonymous_4)","decl":{"start":{"line":40,"column":8},"end":{"line":40,"column":21}},"loc":{"start":{"line":40,"column":21},"end":{"line":43,"column":null}},"line":40},"5":{"name":"(anonymous_5)","decl":{"start":{"line":45,"column":8},"end":{"line":45,"column":22}},"loc":{"start":{"line":45,"column":22},"end":{"line":48,"column":null}},"line":45},"6":{"name":"(anonymous_6)","decl":{"start":{"line":50,"column":8},"end":{"line":50,"column":23}},"loc":{"start":{"line":50,"column":23},"end":{"line":56,"column":null}},"line":50},"7":{"name":"(anonymous_7)","decl":{"start":{"line":64,"column":33},"end":{"line":64,"column":55}},"loc":{"start":{"line":64,"column":67},"end":{"line":68,"column":3}},"line":64},"8":{"name":"(anonymous_8)","decl":{"start":{"line":71,"column":8},"end":{"line":71,"column":36}},"loc":{"start":{"line":71,"column":36},"end":{"line":71,"column":null}},"line":71},"9":{"name":"(anonymous_9)","decl":{"start":{"line":74,"column":2},"end":{"line":74,"column":15}},"loc":{"start":{"line":74,"column":15},"end":{"line":80,"column":null}},"line":74},"10":{"name":"useWaterCaustics","decl":{"start":{"line":83,"column":16},"end":{"line":83,"column":33}},"loc":{"start":{"line":83,"column":81},"end":{"line":103,"column":null}},"line":83},"11":{"name":"(anonymous_11)","decl":{"start":{"line":87,"column":2},"end":{"line":87,"column":18}},"loc":{"start":{"line":87,"column":18},"end":{"line":102,"column":5}},"line":87},"12":{"name":"(anonymous_12)","decl":{"start":{"line":94,"column":23},"end":{"line":94,"column":38}},"loc":{"start":{"line":94,"column":38},"end":{"line":96,"column":5}},"line":94},"13":{"name":"(anonymous_13)","decl":{"start":{"line":97,"column":4},"end":{"line":97,"column":17}},"loc":{"start":{"line":97,"column":17},"end":{"line":100,"column":null}},"line":97}},"branchMap":{"0":{"loc":{"start":{"line":18,"column":14},"end":{"line":18,"column":null}},"type":"binary-expr","locations":[{"start":{"line":18,"column":14},"end":{"line":18,"column":75}},{"start":{"line":18,"column":75},"end":{"line":18,"column":null}}],"line":18},"1":{"loc":{"start":{"line":24,"column":2},"end":{"line":24,"column":null}},"type":"if","locations":[{"start":{"line":24,"column":2},"end":{"line":24,"column":null}},{"start":{},"end":{}}],"line":24},"2":{"loc":{"start":{"line":31,"column":38},"end":{"line":31,"column":112}},"type":"cond-expr","locations":[{"start":{"line":31,"column":54},"end":{"line":31,"column":75}},{"start":{"line":31,"column":54},"end":{"line":31,"column":112}}],"line":31},"3":{"loc":{"start":{"line":35,"column":4},"end":{"line":35,"column":null}},"type":"if","locations":[{"start":{"line":35,"column":4},"end":{"line":35,"column":null}},{"start":{},"end":{}}],"line":35},"4":{"loc":{"start":{"line":41,"column":4},"end":{"line":41,"column":null}},"type":"if","locations":[{"start":{"line":41,"column":4},"end":{"line":41,"column":null}},{"start":{},"end":{}}],"line":41},"5":{"loc":{"start":{"line":41,"column":8},"end":{"line":41,"column":63}},"type":"binary-expr","locations":[{"start":{"line":41,"column":8},"end":{"line":41,"column":25}},{"start":{"line":41,"column":25},"end":{"line":41,"column":37}},{"start":{"line":41,"column":37},"end":{"line":41,"column":56}},{"start":{"line":41,"column":56},"end":{"line":41,"column":63}}],"line":41},"6":{"loc":{"start":{"line":66,"column":4},"end":{"line":67,"column":null}},"type":"if","locations":[{"start":{"line":66,"column":4},"end":{"line":67,"column":null}},{"start":{"line":67,"column":9},"end":{"line":67,"column":null}}],"line":66},"7":{"loc":{"start":{"line":71,"column":36},"end":{"line":71,"column":null}},"type":"cond-expr","locations":[{"start":{"line":71,"column":54},"end":{"line":71,"column":64}},{"start":{"line":71,"column":64},"end":{"line":71,"column":null}}],"line":71},"8":{"loc":{"start":{"line":89,"column":4},"end":{"line":89,"column":null}},"type":"if","locations":[{"start":{"line":89,"column":4},"end":{"line":89,"column":null}},{"start":{},"end":{}}],"line":89},"9":{"loc":{"start":{"line":90,"column":4},"end":{"line":90,"column":null}},"type":"if","locations":[{"start":{"line":90,"column":4},"end":{"line":90,"column":null}},{"start":{},"end":{}}],"line":90}},"s":{"0":2,"1":2,"2":2,"3":5,"4":5,"5":7,"6":7,"7":2,"8":5,"9":5,"10":5,"11":5,"12":5,"13":31,"14":5,"15":74,"16":74,"17":48,"18":26,"19":26,"20":5,"21":6,"22":1,"23":5,"24":5,"25":6,"26":6,"27":5,"28":5,"29":5,"30":5,"31":5,"32":5,"33":5,"34":5,"35":5,"36":5,"37":2,"38":2,"39":1,"40":1,"41":5,"42":5,"43":0,"44":5,"45":5,"46":5,"47":5,"48":5,"49":5,"50":5,"51":15,"52":15,"53":15,"54":14,"55":14,"56":0,"57":14,"58":2,"59":12,"60":7,"61":12,"62":12,"63":12},"f":{"0":5,"1":7,"2":31,"3":74,"4":6,"5":6,"6":5,"7":2,"8":0,"9":5,"10":15,"11":14,"12":7,"13":12},"b":{"0":[5,0],"1":[2,5],"2":[1,30],"3":[48,26],"4":[1,5],"5":[6,5,5,5],"6":[1,1],"7":[0,0],"8":[0,14],"9":[2,12]},"meta":{"lastBranch":10,"lastFunction":14,"lastStatement":64,"seen":{"s:10:25:10:Infinity":0,"s:11:26:11:Infinity":1,"s:12:26:12:Infinity":2,"f:14:9:14:24":0,"s:15:17:15:Infinity":3,"s:16:2:19:Infinity":4,"b:18:14:18:75:18:75:18:Infinity":0,"f:22:9:22:23":1,"s:23:19:23:Infinity":5,"b:24:2:24:Infinity:undefined:undefined:undefined:undefined":1,"s:24:2:24:Infinity":6,"s:24:17:24:Infinity":7,"s:26:14:26:Infinity":8,"s:27:17:27:Infinity":9,"s:28:16:28:Infinity":10,"s:29:20:29:Infinity":11,"s:31:8:31:Infinity":12,"f:31:8:31:24":2,"s:31:24:31:Infinity":13,"b:31:54:31:75:31:54:31:112":2,"s:33:8:38:Infinity":14,"f:33:8:33:16":3,"s:34:4:34:Infinity":15,"b:35:4:35:Infinity:undefined:undefined:undefined:undefined":3,"s:35:4:35:Infinity":16,"s:35:44:35:Infinity":17,"s:36:4:36:Infinity":18,"s:37:4:37:Infinity":19,"s:40:8:43:Infinity":20,"f:40:8:40:21":4,"b:41:4:41:Infinity:undefined:undefined:undefined:undefined":4,"s:41:4:41:Infinity":21,"b:41:8:41:25:41:25:41:37:41:37:41:56:41:56:41:63":5,"s:41:63:41:Infinity":22,"s:42:4:42:Infinity":23,"s:45:8:48:Infinity":24,"f:45:8:45:22":5,"s:46:4:46:Infinity":25,"s:47:4:47:Infinity":26,"s:50:8:56:Infinity":27,"f:50:8:50:23":6,"s:52:4:52:Infinity":28,"s:53:30:53:Infinity":29,"s:54:4:54:Infinity":30,"s:55:4:55:Infinity":31,"s:58:2:58:Infinity":32,"s:59:2:59:Infinity":33,"s:61:25:61:Infinity":34,"s:62:2:62:Infinity":35,"s:64:29:68:Infinity":36,"f:64:33:64:55":7,"s:65:4:65:Infinity":37,"b:66:4:67:Infinity:67:9:67:Infinity":6,"s:66:4:67:Infinity":38,"s:66:17:66:Infinity":39,"s:67:9:67:Infinity":40,"s:69:2:69:Infinity":41,"s:71:8:71:Infinity":42,"f:71:8:71:36":8,"s:71:36:71:Infinity":43,"b:71:54:71:64:71:64:71:Infinity":7,"s:72:2:72:Infinity":44,"s:74:2:80:Infinity":45,"f:74:2:74:15":9,"s:75:4:75:Infinity":46,"s:76:4:76:Infinity":47,"s:77:4:77:Infinity":48,"s:78:4:78:Infinity":49,"s:79:4:79:Infinity":50,"f:83:16:83:33":10,"s:84:24:84:48":51,"s:85:20:85:29":52,"s:87:2:102:Infinity":53,"f:87:2:87:18":11,"s:88:19:88:Infinity":54,"b:89:4:89:Infinity:undefined:undefined:undefined:undefined":8,"s:89:4:89:Infinity":55,"s:89:17:89:Infinity":56,"b:90:4:90:Infinity:undefined:undefined:undefined:undefined":9,"s:90:4:90:Infinity":57,"s:90:98:90:Infinity":58,"s:94:23:96:Infinity":59,"f:94:23:94:38":12,"s:95:6:95:Infinity":60,"s:97:4:100:Infinity":61,"f:97:4:97:17":13,"s:98:6:98:Infinity":62,"s:99:6:99:Infinity":63},"fnNames":{}}}
,"/Users/josue/Gupp-Tank/gupp-website/src/lib/classNames.ts": {"path":"/Users/josue/Gupp-Tank/gupp-website/src/lib/classNames.ts","statementMap":{"0":{"start":{"line":2,"column":13},"end":{"line":2,"column":null}},"1":{"start":{"line":2,"column":82},"end":{"line":2,"column":null}}},"fnMap":{"0":{"name":"(anonymous_0)","decl":{"start":{"line":2,"column":13},"end":{"line":2,"column":19}},"loc":{"start":{"line":2,"column":82},"end":{"line":2,"column":null}},"line":2}},"branchMap":{},"s":{"0":4,"1":784},"f":{"0":784},"b":{},"meta":{"lastBranch":0,"lastFunction":1,"lastStatement":2,"seen":{"s:2:13:2:Infinity":0,"f:2:13:2:19":0,"s:2:82:2:Infinity":1},"fnNames":{}}}
,"/Users/josue/Gupp-Tank/gupp-website/src/lib/color.ts": {"path":"/Users/josue/Gupp-Tank/gupp-website/src/lib/color.ts","statementMap":{"0":{"start":{"line":3,"column":16},"end":{"line":3,"column":null}},"1":{"start":{"line":4,"column":2},"end":{"line":4,"column":null}},"2":{"start":{"line":4,"column":14},"end":{"line":4,"column":null}},"3":{"start":{"line":5,"column":2},"end":{"line":5,"column":null}},"4":{"start":{"line":5,"column":57},"end":{"line":5,"column":84}}},"fnMap":{"0":{"name":"hexToRgbUnit","decl":{"start":{"line":2,"column":16},"end":{"line":2,"column":29}},"loc":{"start":{"line":2,"column":68},"end":{"line":6,"column":null}},"line":2},"1":{"name":"(anonymous_1)","decl":{"start":{"line":5,"column":40},"end":{"line":5,"column":45}},"loc":{"start":{"line":5,"column":57},"end":{"line":5,"column":84}},"line":5}},"branchMap":{"0":{"loc":{"start":{"line":4,"column":2},"end":{"line":4,"column":null}},"type":"if","locations":[{"start":{"line":4,"column":2},"end":{"line":4,"column":null}},{"start":{},"end":{}}],"line":4}},"s":{"0":14,"1":14,"2":5,"3":9,"4":27},"f":{"0":14,"1":27},"b":{"0":[5,9]},"meta":{"lastBranch":1,"lastFunction":2,"lastStatement":5,"seen":{"f:2:16:2:29":0,"s:3:16:3:Infinity":0,"b:4:2:4:Infinity:undefined:undefined:undefined:undefined":0,"s:4:2:4:Infinity":1,"s:4:14:4:Infinity":2,"s:5:2:5:Infinity":3,"f:5:40:5:45":1,"s:5:57:5:84":4},"fnNames":{}}}
,"/Users/josue/Gupp-Tank/gupp-website/src/lib/lowPower.ts": {"path":"/Users/josue/Gupp-Tank/gupp-website/src/lib/lowPower.ts","statementMap":{"0":{"start":{"line":11,"column":2},"end":{"line":11,"column":null}},"1":{"start":{"line":11,"column":26},"end":{"line":11,"column":null}},"2":{"start":{"line":12,"column":2},"end":{"line":12,"column":null}},"3":{"start":{"line":12,"column":32},"end":{"line":12,"column":null}},"4":{"start":{"line":14,"column":2},"end":{"line":14,"column":null}},"5":{"start":{"line":14,"column":63},"end":{"line":14,"column":null}},"6":{"start":{"line":15,"column":2},"end":{"line":15,"column":null}},"7":{"start":{"line":15,"column":77},"end":{"line":15,"column":null}},"8":{"start":{"line":16,"column":2},"end":{"line":16,"column":null}},"9":{"start":{"line":29,"column":2},"end":{"line":29,"column":null}},"10":{"start":{"line":29,"column":14},"end":{"line":29,"column":null}},"11":{"start":{"line":30,"column":15},"end":{"line":30,"column":null}},"12":{"start":{"line":31,"column":2},"end":{"line":31,"column":null}},"13":{"start":{"line":31,"column":13},"end":{"line":31,"column":null}},"14":{"start":{"line":32,"column":2},"end":{"line":32,"column":null}},"15":{"start":{"line":36,"column":2},"end":{"line":40,"column":null}},"16":{"start":{"line":37,"column":4},"end":{"line":37,"column":null}},"17":{"start":{"line":39,"column":4},"end":{"line":39,"column":null}},"18":{"start":{"line":46,"column":2},"end":{"line":49,"column":null}},"19":{"start":{"line":47,"column":15},"end":{"line":47,"column":null}},"20":{"start":{"line":48,"column":4},"end":{"line":48,"column":null}},"21":{"start":{"line":48,"column":17},"end":{"line":48,"column":null}},"22":{"start":{"line":50,"column":13},"end":{"line":50,"column":null}},"23":{"start":{"line":51,"column":2},"end":{"line":51,"column":null}},"24":{"start":{"line":51,"column":15},"end":{"line":51,"column":null}}},"fnMap":{"0":{"name":"isLowPowerDevice","decl":{"start":{"line":10,"column":16},"end":{"line":10,"column":33}},"loc":{"start":{"line":10,"column":132},"end":{"line":17,"column":null}},"line":10},"1":{"name":"isSoftwareRenderer","decl":{"start":{"line":28,"column":16},"end":{"line":28,"column":35}},"loc":{"start":{"line":28,"column":82},"end":{"line":33,"column":null}},"line":28},"2":{"name":"readForceFlag","decl":{"start":{"line":35,"column":9},"end":{"line":35,"column":34}},"loc":{"start":{"line":35,"column":34},"end":{"line":41,"column":null}},"line":35},"3":{"name":"whenIdle","decl":{"start":{"line":44,"column":16},"end":{"line":44,"column":25}},"loc":{"start":{"line":44,"column":73},"end":{"line":52,"column":null}},"line":44},"4":{"name":"(anonymous_4)","decl":{"start":{"line":48,"column":4},"end":{"line":48,"column":17}},"loc":{"start":{"line":48,"column":17},"end":{"line":48,"column":null}},"line":48},"5":{"name":"(anonymous_5)","decl":{"start":{"line":51,"column":2},"end":{"line":51,"column":15}},"loc":{"start":{"line":51,"column":15},"end":{"line":51,"column":null}},"line":51}},"branchMap":{"0":{"loc":{"start":{"line":10,"column":33},"end":{"line":10,"column":95}},"type":"default-arg","locations":[{"start":{"line":10,"column":55},"end":{"line":10,"column":95}}],"line":10},"1":{"loc":{"start":{"line":10,"column":95},"end":{"line":10,"column":132}},"type":"default-arg","locations":[{"start":{"line":10,"column":116},"end":{"line":10,"column":132}}],"line":10},"2":{"loc":{"start":{"line":11,"column":2},"end":{"line":11,"column":null}},"type":"if","locations":[{"start":{"line":11,"column":2},"end":{"line":11,"column":null}},{"start":{},"end":{}}],"line":11},"3":{"loc":{"start":{"line":12,"column":2},"end":{"line":12,"column":null}},"type":"if","locations":[{"start":{"line":12,"column":2},"end":{"line":12,"column":null}},{"start":{},"end":{}}],"line":12},"4":{"loc":{"start":{"line":14,"column":2},"end":{"line":14,"column":null}},"type":"if","locations":[{"start":{"line":14,"column":2},"end":{"line":14,"column":null}},{"start":{},"end":{}}],"line":14},"5":{"loc":{"start":{"line":14,"column":6},"end":{"line":14,"column":63}},"type":"binary-expr","locations":[{"start":{"line":14,"column":6},"end":{"line":14,"column":40}},{"start":{"line":14,"column":40},"end":{"line":14,"column":63}}],"line":14},"6":{"loc":{"start":{"line":15,"column":2},"end":{"line":15,"column":null}},"type":"if","locations":[{"start":{"line":15,"column":2},"end":{"line":15,"column":null}},{"start":{},"end":{}}],"line":15},"7":{"loc":{"start":{"line":15,"column":6},"end":{"line":15,"column":77}},"type":"binary-expr","locations":[{"start":{"line":15,"column":6},"end":{"line":15,"column":47}},{"start":{"line":15,"column":47},"end":{"line":15,"column":77}}],"line":15},"8":{"loc":{"start":{"line":28,"column":47},"end":{"line":28,"column":82}},"type":"default-arg","locations":[{"start":{"line":28,"column":56},"end":{"line":28,"column":82}}],"line":28},"9":{"loc":{"start":{"line":29,"column":2},"end":{"line":29,"column":null}},"type":"if","locations":[{"start":{"line":29,"column":2},"end":{"line":29,"column":null}},{"start":{},"end":{}}],"line":29},"10":{"loc":{"start":{"line":31,"column":2},"end":{"line":31,"column":null}},"type":"if","locations":[{"start":{"line":31,"column":2},"end":{"line":31,"column":null}},{"start":{},"end":{}}],"line":31},"11":{"loc":{"start":{"line":44,"column":43},"end":{"line":44,"column":73}},"type":"default-arg","locations":[{"start":{"line":44,"column":55},"end":{"line":44,"column":73}}],"line":44},"12":{"loc":{"start":{"line":46,"column":2},"end":{"line":49,"column":null}},"type":"if","locations":[{"start":{"line":46,"column":2},"end":{"line":49,"column":null}},{"start":{},"end":{}}],"line":46}},"s":{"0":23,"1":2,"2":21,"3":2,"4":19,"5":2,"6":17,"7":1,"8":16,"9":15,"10":2,"11":13,"12":13,"13":6,"14":7,"15":7,"16":7,"17":0,"18":15,"19":1,"20":1,"21":1,"22":14,"23":14,"24":13},"f":{"0":23,"1":15,"2":7,"3":15,"4":1,"5":13},"b":{"0":[23],"1":[23],"2":[2,21],"3":[2,19],"4":[2,17],"5":[19,4],"6":[1,16],"7":[17,15],"8":[15],"9":[2,13],"10":[6,7],"11":[15],"12":[1,14]},"meta":{"lastBranch":13,"lastFunction":6,"lastStatement":25,"seen":{"f:10:16:10:33":0,"b:10:55:10:95":0,"b:10:116:10:132":1,"b:11:2:11:Infinity:undefined:undefined:undefined:undefined":2,"s:11:2:11:Infinity":0,"s:11:26:11:Infinity":1,"b:12:2:12:Infinity:undefined:undefined:undefined:undefined":3,"s:12:2:12:Infinity":2,"s:12:32:12:Infinity":3,"b:14:2:14:Infinity:undefined:undefined:undefined:undefined":4,"s:14:2:14:Infinity":4,"b:14:6:14:40:14:40:14:63":5,"s:14:63:14:Infinity":5,"b:15:2:15:Infinity:undefined:undefined:undefined:undefined":6,"s:15:2:15:Infinity":6,"b:15:6:15:47:15:47:15:77":7,"s:15:77:15:Infinity":7,"s:16:2:16:Infinity":8,"f:28:16:28:35":1,"b:28:56:28:82":8,"b:29:2:29:Infinity:undefined:undefined:undefined:undefined":9,"s:29:2:29:Infinity":9,"s:29:14:29:Infinity":10,"s:30:15:30:Infinity":11,"b:31:2:31:Infinity:undefined:undefined:undefined:undefined":10,"s:31:2:31:Infinity":12,"s:31:13:31:Infinity":13,"s:32:2:32:Infinity":14,"f:35:9:35:34":2,"s:36:2:40:Infinity":15,"s:37:4:37:Infinity":16,"s:39:4:39:Infinity":17,"f:44:16:44:25":3,"b:44:55:44:73":11,"b:46:2:49:Infinity:undefined:undefined:undefined:undefined":12,"s:46:2:49:Infinity":18,"s:47:15:47:Infinity":19,"s:48:4:48:Infinity":20,"f:48:4:48:17":4,"s:48:17:48:Infinity":21,"s:50:13:50:Infinity":22,"s:51:2:51:Infinity":23,"f:51:2:51:15":5,"s:51:15:51:Infinity":24},"fnNames":{}}}
,"/Users/josue/Gupp-Tank/gupp-website/src/lib/preferenceStore.ts": {"path":"/Users/josue/Gupp-Tank/gupp-website/src/lib/preferenceStore.ts","statementMap":{"0":{"start":{"line":20,"column":20},"end":{"line":20,"column":null}},"1":{"start":{"line":22,"column":2},"end":{"line":37,"column":null}},"2":{"start":{"line":25,"column":6},"end":{"line":25,"column":null}},"3":{"start":{"line":26,"column":6},"end":{"line":30,"column":null}},"4":{"start":{"line":27,"column":8},"end":{"line":27,"column":null}},"5":{"start":{"line":31,"column":6},"end":{"line":31,"column":null}},"6":{"start":{"line":31,"column":36},"end":{"line":31,"column":44}},"7":{"start":{"line":34,"column":6},"end":{"line":34,"column":null}},"8":{"start":{"line":35,"column":6},"end":{"line":35,"column":null}},"9":{"start":{"line":35,"column":19},"end":{"line":35,"column":null}}},"fnMap":{"0":{"name":"createPreferenceStore","decl":{"start":{"line":15,"column":16},"end":{"line":15,"column":56}},"loc":{"start":{"line":19,"column":50},"end":{"line":38,"column":null}},"line":19},"1":{"name":"set","decl":{"start":{"line":24,"column":4},"end":{"line":24,"column":8}},"loc":{"start":{"line":24,"column":15},"end":{"line":32,"column":null}},"line":24},"2":{"name":"(anonymous_2)","decl":{"start":{"line":31,"column":16},"end":{"line":31,"column":25}},"loc":{"start":{"line":31,"column":36},"end":{"line":31,"column":44}},"line":31},"3":{"name":"subscribe","decl":{"start":{"line":33,"column":4},"end":{"line":33,"column":14}},"loc":{"start":{"line":33,"column":24},"end":{"line":36,"column":null}},"line":33},"4":{"name":"(anonymous_4)","decl":{"start":{"line":35,"column":6},"end":{"line":35,"column":19}},"loc":{"start":{"line":35,"column":19},"end":{"line":35,"column":null}},"line":35}},"branchMap":{},"s":{"0":17,"1":17,"2":27,"3":27,"4":27,"5":27,"6":20,"7":192,"8":192,"9":190},"f":{"0":17,"1":27,"2":20,"3":192,"4":190},"b":{},"meta":{"lastBranch":0,"lastFunction":5,"lastStatement":10,"seen":{"f:15:16:15:56":0,"s:20:20:20:Infinity":0,"s:22:2:37:Infinity":1,"f:24:4:24:8":1,"s:25:6:25:Infinity":2,"s:26:6:30:Infinity":3,"s:27:8:27:Infinity":4,"s:31:6:31:Infinity":5,"f:31:16:31:25":2,"s:31:36:31:44":6,"f:33:4:33:14":3,"s:34:6:34:Infinity":7,"s:35:6:35:Infinity":8,"f:35:6:35:19":4,"s:35:19:35:Infinity":9},"fnNames":{}}}
,"/Users/josue/Gupp-Tank/gupp-website/src/lib/theme.ts": {"path":"/Users/josue/Gupp-Tank/gupp-website/src/lib/theme.ts","statementMap":{"0":{"start":{"line":6,"column":26},"end":{"line":12,"column":null}},"1":{"start":{"line":8,"column":15},"end":{"line":8,"column":null}},"2":{"start":{"line":10,"column":4},"end":{"line":10,"column":null}}},"fnMap":{"0":{"name":"(anonymous_0)","decl":{"start":{"line":8,"column":2},"end":{"line":8,"column":15}},"loc":{"start":{"line":8,"column":15},"end":{"line":8,"column":null}},"line":8},"1":{"name":"(anonymous_1)","decl":{"start":{"line":9,"column":2},"end":{"line":9,"column":10}},"loc":{"start":{"line":9,"column":20},"end":{"line":11,"column":null}},"line":9}},"branchMap":{"0":{"loc":{"start":{"line":8,"column":15},"end":{"line":8,"column":null}},"type":"cond-expr","locations":[{"start":{"line":8,"column":67},"end":{"line":8,"column":76}},{"start":{"line":8,"column":76},"end":{"line":8,"column":null}}],"line":8}},"s":{"0":7,"1":526,"2":8},"f":{"0":526,"1":8},"b":{"0":[10,516]},"meta":{"lastBranch":1,"lastFunction":2,"lastStatement":3,"seen":{"s:6:26:12:Infinity":0,"f:8:2:8:15":0,"s:8:15:8:Infinity":1,"b:8:67:8:76:8:76:8:Infinity":0,"f:9:2:9:10":1,"s:10:4:10:Infinity":2},"fnNames":{}}}
,"/Users/josue/Gupp-Tank/gupp-website/src/lib/caustics/createCausticsRenderer.ts": {"path":"/Users/josue/Gupp-Tank/gupp-website/src/lib/caustics/createCausticsRenderer.ts","statementMap":{"0":{"start":{"line":17,"column":17},"end":{"line":17,"column":null}},"1":{"start":{"line":18,"column":2},"end":{"line":18,"column":null}},"2":{"start":{"line":18,"column":15},"end":{"line":18,"column":null}},"3":{"start":{"line":19,"column":2},"end":{"line":19,"column":null}},"4":{"start":{"line":20,"column":2},"end":{"line":20,"column":null}},"5":{"start":{"line":21,"column":2},"end":{"line":21,"column":null}},"6":{"start":{"line":21,"column":56},"end":{"line":21,"column":null}},"7":{"start":{"line":22,"column":2},"end":{"line":22,"column":null}},"8":{"start":{"line":23,"column":2},"end":{"line":23,"column":null}},"9":{"start":{"line":28,"column":13},"end":{"line":28,"column":null}},"10":{"start":{"line":29,"column":2},"end":{"line":29,"column":null}},"11":{"start":{"line":29,"column":37},"end":{"line":29,"column":null}},"12":{"start":{"line":31,"column":17},"end":{"line":31,"column":null}},"13":{"start":{"line":32,"column":19},"end":{"line":32,"column":null}},"14":{"start":{"line":33,"column":18},"end":{"line":33,"column":null}},"15":{"start":{"line":34,"column":2},"end":{"line":34,"column":null}},"16":{"start":{"line":34,"column":40},"end":{"line":34,"column":null}},"17":{"start":{"line":36,"column":2},"end":{"line":36,"column":null}},"18":{"start":{"line":37,"column":2},"end":{"line":37,"column":null}},"19":{"start":{"line":38,"column":2},"end":{"line":38,"column":null}},"20":{"start":{"line":39,"column":2},"end":{"line":39,"column":null}},"21":{"start":{"line":39,"column":56},"end":{"line":39,"column":null}},"22":{"start":{"line":40,"column":2},"end":{"line":40,"column":null}},"23":{"start":{"line":43,"column":17},"end":{"line":43,"column":null}},"24":{"start":{"line":44,"column":2},"end":{"line":44,"column":null}},"25":{"start":{"line":45,"column":2},"end":{"line":45,"column":null}},"26":{"start":{"line":46,"column":19},"end":{"line":46,"column":null}},"27":{"start":{"line":47,"column":2},"end":{"line":47,"column":null}},"28":{"start":{"line":48,"column":2},"end":{"line":48,"column":null}},"29":{"start":{"line":50,"column":22},"end":{"line":50,"column":null}},"30":{"start":{"line":51,"column":16},"end":{"line":51,"column":null}},"31":{"start":{"line":52,"column":17},"end":{"line":52,"column":null}},"32":{"start":{"line":53,"column":20},"end":{"line":53,"column":null}},"33":{"start":{"line":55,"column":2},"end":{"line":76,"column":null}},"34":{"start":{"line":57,"column":6},"end":{"line":57,"column":null}},"35":{"start":{"line":58,"column":6},"end":{"line":58,"column":null}},"36":{"start":{"line":59,"column":6},"end":{"line":59,"column":null}},"37":{"start":{"line":60,"column":6},"end":{"line":60,"column":null}},"38":{"start":{"line":63,"column":6},"end":{"line":63,"column":null}},"39":{"start":{"line":64,"column":6},"end":{"line":64,"column":null}},"40":{"start":{"line":67,"column":6},"end":{"line":67,"column":null}},"41":{"start":{"line":68,"column":6},"end":{"line":68,"column":null}},"42":{"start":{"line":71,"column":6},"end":{"line":71,"column":null}},"43":{"start":{"line":72,"column":6},"end":{"line":72,"column":null}},"44":{"start":{"line":73,"column":6},"end":{"line":73,"column":null}},"45":{"start":{"line":74,"column":6},"end":{"line":74,"column":null}}},"fnMap":{"0":{"name":"compile","decl":{"start":{"line":16,"column":9},"end":{"line":16,"column":17}},"loc":{"start":{"line":16,"column":94},"end":{"line":24,"column":null}},"line":16},"1":{"name":"createCausticsRenderer","decl":{"start":{"line":27,"column":16},"end":{"line":27,"column":39}},"loc":{"start":{"line":27,"column":91},"end":{"line":77,"column":null}},"line":27},"2":{"name":"resize","decl":{"start":{"line":56,"column":4},"end":{"line":56,"column":11}},"loc":{"start":{"line":56,"column":26},"end":{"line":61,"column":null}},"line":56},"3":{"name":"setAppearance","decl":{"start":{"line":62,"column":4},"end":{"line":62,"column":18}},"loc":{"start":{"line":62,"column":39},"end":{"line":65,"column":null}},"line":62},"4":{"name":"draw","decl":{"start":{"line":66,"column":4},"end":{"line":66,"column":9}},"loc":{"start":{"line":66,"column":22},"end":{"line":69,"column":null}},"line":66},"5":{"name":"destroy","decl":{"start":{"line":70,"column":4},"end":{"line":70,"column":14}},"loc":{"start":{"line":70,"column":14},"end":{"line":75,"column":null}},"line":70}},"branchMap":{"0":{"loc":{"start":{"line":18,"column":2},"end":{"line":18,"column":null}},"type":"if","locations":[{"start":{"line":18,"column":2},"end":{"line":18,"column":null}},{"start":{},"end":{}}],"line":18},"1":{"loc":{"start":{"line":21,"column":2},"end":{"line":21,"column":null}},"type":"if","locations":[{"start":{"line":21,"column":2},"end":{"line":21,"column":null}},{"start":{},"end":{}}],"line":21},"2":{"loc":{"start":{"line":29,"column":2},"end":{"line":29,"column":null}},"type":"if","locations":[{"start":{"line":29,"column":2},"end":{"line":29,"column":null}},{"start":{},"end":{}}],"line":29},"3":{"loc":{"start":{"line":29,"column":6},"end":{"line":29,"column":37}},"type":"binary-expr","locations":[{"start":{"line":29,"column":6},"end":{"line":29,"column":13}},{"start":{"line":29,"column":13},"end":{"line":29,"column":37}}],"line":29},"4":{"loc":{"start":{"line":34,"column":2},"end":{"line":34,"column":null}},"type":"if","locations":[{"start":{"line":34,"column":2},"end":{"line":34,"column":null}},{"start":{},"end":{}}],"line":34},"5":{"loc":{"start":{"line":34,"column":6},"end":{"line":34,"column":40}},"type":"binary-expr","locations":[{"start":{"line":34,"column":6},"end":{"line":34,"column":17}},{"start":{"line":34,"column":17},"end":{"line":34,"column":30}},{"start":{"line":34,"column":30},"end":{"line":34,"column":40}}],"line":34},"6":{"loc":{"start":{"line":39,"column":2},"end":{"line":39,"column":null}},"type":"if","locations":[{"start":{"line":39,"column":2},"end":{"line":39,"column":null}},{"start":{},"end":{}}],"line":39}},"s":{"0":10,"1":10,"2":2,"3":8,"4":8,"5":8,"6":6,"7":2,"8":2,"9":8,"10":8,"11":3,"12":5,"13":5,"14":5,"15":5,"16":2,"17":3,"18":3,"19":3,"20":3,"21":1,"22":2,"23":2,"24":2,"25":2,"26":2,"27":2,"28":2,"29":2,"30":2,"31":2,"32":2,"33":2,"34":1,"35":1,"36":1,"37":1,"38":1,"39":1,"40":1,"41":1,"42":1,"43":1,"44":1,"45":1},"f":{"0":10,"1":8,"2":1,"3":1,"4":1,"5":1},"b":{"0":[2,8],"1":[6,2],"2":[3,5],"3":[8,6],"4":[2,3],"5":[5,3,3],"6":[1,2]},"meta":{"lastBranch":7,"lastFunction":6,"lastStatement":46,"seen":{"f:16:9:16:17":0,"s:17:17:17:Infinity":0,"b:18:2:18:Infinity:undefined:undefined:undefined:undefined":0,"s:18:2:18:Infinity":1,"s:18:15:18:Infinity":2,"s:19:2:19:Infinity":3,"s:20:2:20:Infinity":4,"b:21:2:21:Infinity:undefined:undefined:undefined:undefined":1,"s:21:2:21:Infinity":5,"s:21:56:21:Infinity":6,"s:22:2:22:Infinity":7,"s:23:2:23:Infinity":8,"f:27:16:27:39":1,"s:28:13:28:Infinity":9,"b:29:2:29:Infinity:undefined:undefined:undefined:undefined":2,"s:29:2:29:Infinity":10,"b:29:6:29:13:29:13:29:37":3,"s:29:37:29:Infinity":11,"s:31:17:31:Infinity":12,"s:32:19:32:Infinity":13,"s:33:18:33:Infinity":14,"b:34:2:34:Infinity:undefined:undefined:undefined:undefined":4,"s:34:2:34:Infinity":15,"b:34:6:34:17:34:17:34:30:34:30:34:40":5,"s:34:40:34:Infinity":16,"s:36:2:36:Infinity":17,"s:37:2:37:Infinity":18,"s:38:2:38:Infinity":19,"b:39:2:39:Infinity:undefined:undefined:undefined:undefined":6,"s:39:2:39:Infinity":20,"s:39:56:39:Infinity":21,"s:40:2:40:Infinity":22,"s:43:17:43:Infinity":23,"s:44:2:44:Infinity":24,"s:45:2:45:Infinity":25,"s:46:19:46:Infinity":26,"s:47:2:47:Infinity":27,"s:48:2:48:Infinity":28,"s:50:22:50:Infinity":29,"s:51:16:51:Infinity":30,"s:52:17:52:Infinity":31,"s:53:20:53:Infinity":32,"s:55:2:76:Infinity":33,"f:56:4:56:11":2,"s:57:6:57:Infinity":34,"s:58:6:58:Infinity":35,"s:59:6:59:Infinity":36,"s:60:6:60:Infinity":37,"f:62:4:62:18":3,"s:63:6:63:Infinity":38,"s:64:6:64:Infinity":39,"f:66:4:66:9":4,"s:67:6:67:Infinity":40,"s:68:6:68:Infinity":41,"f:70:4:70:14":5,"s:71:6:71:Infinity":42,"s:72:6:72:Infinity":43,"s:73:6:73:Infinity":44,"s:74:6:74:Infinity":45},"fnNames":{}}}
,"/Users/josue/Gupp-Tank/gupp-website/src/services/http/createHttpClient.ts": {"path":"/Users/josue/Gupp-Tank/gupp-website/src/services/http/createHttpClient.ts","statementMap":{"0":{"start":{"line":24,"column":27},"end":{"line":24,"column":null}},"1":{"start":{"line":29,"column":2},"end":{"line":29,"column":null}},"2":{"start":{"line":29,"column":22},"end":{"line":29,"column":null}},"3":{"start":{"line":30,"column":2},"end":{"line":30,"column":null}},"4":{"start":{"line":30,"column":40},"end":{"line":30,"column":null}},"5":{"start":{"line":31,"column":2},"end":{"line":31,"column":null}},"6":{"start":{"line":31,"column":21},"end":{"line":31,"column":null}},"7":{"start":{"line":32,"column":2},"end":{"line":32,"column":null}},"8":{"start":{"line":36,"column":15},"end":{"line":36,"column":null}},"9":{"start":{"line":37,"column":2},"end":{"line":37,"column":null}},"10":{"start":{"line":41,"column":2},"end":{"line":93,"column":null}},"11":{"start":{"line":43,"column":6},"end":{"line":43,"column":null}},"12":{"start":{"line":43,"column":20},"end":{"line":43,"column":null}},"13":{"start":{"line":45,"column":25},"end":{"line":45,"column":null}},"14":{"start":{"line":46,"column":20},"end":{"line":46,"column":null}},"15":{"start":{"line":46,"column":37},"end":{"line":46,"column":57}},"16":{"start":{"line":47,"column":18},"end":{"line":47,"column":null}},"17":{"start":{"line":50,"column":6},"end":{"line":62,"column":null}},"18":{"start":{"line":51,"column":8},"end":{"line":57,"column":null}},"19":{"start":{"line":59,"column":8},"end":{"line":59,"column":null}},"20":{"start":{"line":60,"column":8},"end":{"line":60,"column":null}},"21":{"start":{"line":60,"column":39},"end":{"line":60,"column":null}},"22":{"start":{"line":61,"column":8},"end":{"line":61,"column":null}},"23":{"start":{"line":64,"column":6},"end":{"line":91,"column":null}},"24":{"start":{"line":67,"column":8},"end":{"line":73,"column":null}},"25":{"start":{"line":68,"column":10},"end":{"line":68,"column":null}},"26":{"start":{"line":70,"column":10},"end":{"line":70,"column":null}},"27":{"start":{"line":70,"column":41},"end":{"line":70,"column":null}},"28":{"start":{"line":71,"column":10},"end":{"line":71,"column":null}},"29":{"start":{"line":71,"column":28},"end":{"line":71,"column":null}},"30":{"start":{"line":72,"column":10},"end":{"line":72,"column":null}},"31":{"start":{"line":75,"column":8},"end":{"line":82,"column":null}},"32":{"start":{"line":76,"column":27},"end":{"line":76,"column":null}},"33":{"start":{"line":77,"column":30},"end":{"line":77,"column":null}},"34":{"start":{"line":78,"column":10},"end":{"line":81,"column":null}},"35":{"start":{"line":84,"column":8},"end":{"line":88,"column":null}},"36":{"start":{"line":85,"column":10},"end":{"line":85,"column":null}},"37":{"start":{"line":87,"column":10},"end":{"line":87,"column":null}},"38":{"start":{"line":90,"column":8},"end":{"line":90,"column":null}}},"fnMap":{"0":{"name":"codeForStatus","decl":{"start":{"line":28,"column":9},"end":{"line":28,"column":23}},"loc":{"start":{"line":28,"column":50},"end":{"line":33,"column":null}},"line":28},"1":{"name":"readJson","decl":{"start":{"line":35,"column":15},"end":{"line":35,"column":24}},"loc":{"start":{"line":35,"column":62},"end":{"line":38,"column":null}},"line":35},"2":{"name":"createHttpClient","decl":{"start":{"line":40,"column":16},"end":{"line":40,"column":33}},"loc":{"start":{"line":40,"column":127},"end":{"line":94,"column":null}},"line":40},"3":{"name":"request","decl":{"start":{"line":42,"column":10},"end":{"line":42,"column":21}},"loc":{"start":{"line":42,"column":118},"end":{"line":92,"column":null}},"line":42},"4":{"name":"(anonymous_4)","decl":{"start":{"line":46,"column":20},"end":{"line":46,"column":37}},"loc":{"start":{"line":46,"column":37},"end":{"line":46,"column":57}},"line":46}},"branchMap":{"0":{"loc":{"start":{"line":29,"column":2},"end":{"line":29,"column":null}},"type":"if","locations":[{"start":{"line":29,"column":2},"end":{"line":29,"column":null}},{"start":{},"end":{}}],"line":29},"1":{"loc":{"start":{"line":30,"column":2},"end":{"line":30,"column":null}},"type":"if","locations":[{"start":{"line":30,"column":2},"end":{"line":30,"column":null}},{"start":{},"end":{}}],"line":30},"2":{"loc":{"start":{"line":30,"column":6},"end":{"line":30,"column":40}},"type":"binary-expr","locations":[{"start":{"line":30,"column":6},"end":{"line":30,"column":24}},{"start":{"line":30,"column":24},"end":{"line":30,"column":40}}],"line":30},"3":{"loc":{"start":{"line":31,"column":2},"end":{"line":31,"column":null}},"type":"if","locations":[{"start":{"line":31,"column":2},"end":{"line":31,"column":null}},{"start":{},"end":{}}],"line":31},"4":{"loc":{"start":{"line":37,"column":9},"end":{"line":37,"column":null}},"type":"cond-expr","locations":[{"start":{"line":37,"column":23},"end":{"line":37,"column":35}},{"start":{"line":37,"column":35},"end":{"line":37,"column":null}}],"line":37},"5":{"loc":{"start":{"line":40,"column":44},"end":{"line":40,"column":76}},"type":"default-arg","locations":[{"start":{"line":40,"column":56},"end":{"line":40,"column":76}}],"line":40},"6":{"loc":{"start":{"line":40,"column":76},"end":{"line":40,"column":127}},"type":"default-arg","locations":[{"start":{"line":40,"column":88},"end":{"line":40,"column":127}}],"line":40},"7":{"loc":{"start":{"line":42,"column":29},"end":{"line":42,"column":45}},"type":"default-arg","locations":[{"start":{"line":42,"column":38},"end":{"line":42,"column":45}}],"line":42},"8":{"loc":{"start":{"line":43,"column":6},"end":{"line":43,"column":null}},"type":"if","locations":[{"start":{"line":43,"column":6},"end":{"line":43,"column":null}},{"start":{},"end":{}}],"line":43},"9":{"loc":{"start":{"line":46,"column":57},"end":{"line":46,"column":84}},"type":"binary-expr","locations":[{"start":{"line":46,"column":57},"end":{"line":46,"column":75}},{"start":{"line":46,"column":75},"end":{"line":46,"column":84}}],"line":46},"10":{"loc":{"start":{"line":53,"column":53},"end":{"line":53,"column":115}},"type":"binary-expr","locations":[{"start":{"line":53,"column":53},"end":{"line":53,"column":75}},{"start":{"line":53,"column":75},"end":{"line":53,"column":115}}],"line":53},"11":{"loc":{"start":{"line":54,"column":16},"end":{"line":54,"column":null}},"type":"cond-expr","locations":[{"start":{"line":54,"column":37},"end":{"line":54,"column":49}},{"start":{"line":54,"column":49},"end":{"line":54,"column":null}}],"line":54},"12":{"loc":{"start":{"line":60,"column":8},"end":{"line":60,"column":null}},"type":"if","locations":[{"start":{"line":60,"column":8},"end":{"line":60,"column":null}},{"start":{},"end":{}}],"line":60},"13":{"loc":{"start":{"line":70,"column":10},"end":{"line":70,"column":null}},"type":"if","locations":[{"start":{"line":70,"column":10},"end":{"line":70,"column":null}},{"start":{},"end":{}}],"line":70},"14":{"loc":{"start":{"line":71,"column":10},"end":{"line":71,"column":null}},"type":"if","locations":[{"start":{"line":71,"column":10},"end":{"line":71,"column":null}},{"start":{},"end":{}}],"line":71},"15":{"loc":{"start":{"line":75,"column":8},"end":{"line":82,"column":null}},"type":"if","locations":[{"start":{"line":75,"column":8},"end":{"line":82,"column":null}},{"start":{},"end":{}}],"line":75},"16":{"loc":{"start":{"line":79,"column":12},"end":{"line":79,"column":null}},"type":"cond-expr","locations":[{"start":{"line":79,"column":35},"end":{"line":79,"column":45}},{"start":{"line":79,"column":45},"end":{"line":79,"column":null}}],"line":79},"17":{"loc":{"start":{"line":80,"column":12},"end":{"line":80,"column":null}},"type":"cond-expr","locations":[{"start":{"line":80,"column":45},"end":{"line":80,"column":58}},{"start":{"line":80,"column":58},"end":{"line":80,"column":null}}],"line":80}},"s":{"0":2,"1":8,"2":1,"3":7,"4":2,"5":5,"6":4,"7":1,"8":14,"9":14,"10":19,"11":19,"12":2,"13":17,"14":17,"15":2,"16":19,"17":19,"18":19,"19":3,"20":3,"21":2,"22":1,"23":14,"24":14,"25":14,"26":2,"27":0,"28":2,"29":1,"30":1,"31":12,"32":8,"33":8,"34":8,"35":4,"36":4,"37":1,"38":14},"f":{"0":8,"1":14,"2":19,"3":19,"4":2},"b":{"0":[1,7],"1":[2,5],"2":[7,6],"3":[4,1],"4":[1,13],"5":[19],"6":[19],"7":[19],"8":[2,17],"9":[17,16],"10":[19,1],"11":[16,1],"12":[2,1],"13":[0,2],"14":[1,1],"15":[8,4],"16":[1,7],"17":[1,7]},"meta":{"lastBranch":18,"lastFunction":5,"lastStatement":39,"seen":{"s:24:27:24:Infinity":0,"f:28:9:28:23":0,"b:29:2:29:Infinity:undefined:undefined:undefined:undefined":0,"s:29:2:29:Infinity":1,"s:29:22:29:Infinity":2,"b:30:2:30:Infinity:undefined:undefined:undefined:undefined":1,"s:30:2:30:Infinity":3,"b:30:6:30:24:30:24:30:40":2,"s:30:40:30:Infinity":4,"b:31:2:31:Infinity:undefined:undefined:undefined:undefined":3,"s:31:2:31:Infinity":5,"s:31:21:31:Infinity":6,"s:32:2:32:Infinity":7,"f:35:15:35:24":1,"s:36:15:36:Infinity":8,"s:37:2:37:Infinity":9,"b:37:23:37:35:37:35:37:Infinity":4,"f:40:16:40:33":2,"b:40:56:40:76":5,"b:40:88:40:127":6,"s:41:2:93:Infinity":10,"f:42:10:42:21":3,"b:42:38:42:45":7,"b:43:6:43:Infinity:undefined:undefined:undefined:undefined":8,"s:43:6:43:Infinity":11,"s:43:20:43:Infinity":12,"s:45:25:45:Infinity":13,"s:46:20:46:Infinity":14,"f:46:20:46:37":4,"s:46:37:46:57":15,"b:46:57:46:75:46:75:46:84":9,"s:47:18:47:Infinity":16,"s:50:6:62:Infinity":17,"s:51:8:57:Infinity":18,"b:53:53:53:75:53:75:53:115":10,"b:54:37:54:49:54:49:54:Infinity":11,"s:59:8:59:Infinity":19,"b:60:8:60:Infinity:undefined:undefined:undefined:undefined":12,"s:60:8:60:Infinity":20,"s:60:39:60:Infinity":21,"s:61:8:61:Infinity":22,"s:64:6:91:Infinity":23,"s:67:8:73:Infinity":24,"s:68:10:68:Infinity":25,"b:70:10:70:Infinity:undefined:undefined:undefined:undefined":13,"s:70:10:70:Infinity":26,"s:70:41:70:Infinity":27,"b:71:10:71:Infinity:undefined:undefined:undefined:undefined":14,"s:71:10:71:Infinity":28,"s:71:28:71:Infinity":29,"s:72:10:72:Infinity":30,"b:75:8:82:Infinity:undefined:undefined:undefined:undefined":15,"s:75:8:82:Infinity":31,"s:76:27:76:Infinity":32,"s:77:30:77:Infinity":33,"s:78:10:81:Infinity":34,"b:79:35:79:45:79:45:79:Infinity":16,"b:80:45:80:58:80:58:80:Infinity":17,"s:84:8:88:Infinity":35,"s:85:10:85:Infinity":36,"s:87:10:87:Infinity":37,"s:90:8:90:Infinity":38},"fnNames":{}}}
,"/Users/josue/Gupp-Tank/gupp-website/src/services/http/index.ts": {"path":"/Users/josue/Gupp-Tank/gupp-website/src/services/http/index.ts","statementMap":{"0":{"start":{"line":7,"column":20},"end":{"line":7,"column":null}}},"fnMap":{},"branchMap":{},"s":{"0":1},"f":{},"b":{},"meta":{"lastBranch":0,"lastFunction":0,"lastStatement":1,"seen":{"s:7:20:7:Infinity":0},"fnNames":{}}}
}
